This file contains any messages produced by compilers while
running configure, to aid debugging if configure makes a mistake.

It was created by xdre configure 2.17, which was
generated by GNU Autoconf 2.69.  Invocation command line was

  $ ./configure 

## --------- ##
## Platform. ##
## --------- ##

hostname = alf-VirtualBox
uname -m = x86_64
uname -r = 5.8.0-44-generic
uname -s = Linux
uname -v = #50~20.04.1-Ubuntu SMP Wed Feb 10 21:07:30 UTC 2021

/usr/bin/uname -p = x86_64
/bin/uname -X     = unknown

/bin/arch              = x86_64
/usr/bin/arch -k       = unknown
/usr/convex/getsysinfo = unknown
/usr/bin/hostinfo      = unknown
/bin/machine           = unknown
/usr/bin/oslevel       = unknown
/bin/universe          = unknown

PATH: /usr/local/sbin
PATH: /usr/local/bin
PATH: /usr/sbin
PATH: /usr/bin
PATH: /sbin
PATH: /bin
PATH: /usr/games
PATH: /usr/local/games
PATH: /snap/bin
PATH: /usr/bin/gcc
PATH: /usr/include/SDL
PATH: /usr/local/lib/wx/include/gtk3-unicode-3.1
PATH: /usr/bin/gcc


## ----------- ##
## Core tests. ##
## ----------- ##

configure:2453: checking build system type
configure:2467: result: x86_64-pc-linux-gnu
configure:2487: checking host system type
configure:2500: result: x86_64-pc-linux-gnu
configure:2520: checking target system type
configure:2533: result: x86_64-pc-linux-gnu
configure:2576: checking for a BSD-compatible install
configure:2644: result: /usr/bin/install -c
configure:2655: checking whether build environment is sane
configure:2710: result: yes
configure:2859: checking for a thread-safe mkdir -p
configure:2898: result: /usr/bin/mkdir -p
configure:2905: checking for gawk
configure:2935: result: no
configure:2905: checking for mawk
configure:2921: found /usr/bin/mawk
configure:2932: result: mawk
configure:2943: checking whether make sets $(MAKE)
configure:2965: result: yes
configure:2994: checking whether make supports nested variables
configure:3011: result: yes
configure:3138: checking whether to enable maintainer-specific portions of Makefiles
configure:3147: result: yes
configure:3228: checking for gcc
configure:3244: found /usr/bin/gcc
configure:3255: result: gcc
configure:3484: checking for C compiler version
configure:3493: gcc --version >&5
gcc (Ubuntu 9.3.0-17ubuntu1~20.04) 9.3.0
Copyright (C) 2019 Free Software Foundation, Inc.
This is free software; see the source for copying conditions.  There is NO
warranty; not even for MERCHANTABILITY or FITNESS FOR A PARTICULAR PURPOSE.

configure:3504: $? = 0
configure:3493: gcc -v >&5
Using built-in specs.
COLLECT_GCC=gcc
COLLECT_LTO_WRAPPER=/usr/lib/gcc/x86_64-linux-gnu/9/lto-wrapper
OFFLOAD_TARGET_NAMES=nvptx-none:hsa
OFFLOAD_TARGET_DEFAULT=1
Target: x86_64-linux-gnu
Configured with: ../src/configure -v --with-pkgversion='Ubuntu 9.3.0-17ubuntu1~20.04' --with-bugurl=file:///usr/share/doc/gcc-9/README.Bugs --enable-languages=c,ada,c++,go,brig,d,fortran,objc,obj-c++,gm2 --prefix=/usr --with-gcc-major-version-only --program-suffix=-9 --program-prefix=x86_64-linux-gnu- --enable-shared --enable-linker-build-id --libexecdir=/usr/lib --without-included-gettext --enable-threads=posix --libdir=/usr/lib --enable-nls --enable-clocale=gnu --enable-libstdcxx-debug --enable-libstdcxx-time=yes --with-default-libstdcxx-abi=new --enable-gnu-unique-object --disable-vtable-verify --enable-plugin --enable-default-pie --with-system-zlib --with-target-system-zlib=auto --enable-objc-gc=auto --enable-multiarch --disable-werror --with-arch-32=i686 --with-abi=m64 --with-multilib-list=m32,m64,mx32 --enable-multilib --with-tune=generic --enable-offload-targets=nvptx-none=/build/gcc-9-HskZEa/gcc-9-9.3.0/debian/tmp-nvptx/usr,hsa --without-cuda-driver --enable-checking=release --build=x86_64-linux-gnu --host=x86_64-linux-gnu --target=x86_64-linux-gnu
Thread model: posix
gcc version 9.3.0 (Ubuntu 9.3.0-17ubuntu1~20.04) 
configure:3504: $? = 0
configure:3493: gcc -V >&5
gcc: error: unrecognized command line option '-V'
gcc: fatal error: no input files
compilation terminated.
configure:3504: $? = 1
configure:3493: gcc -qversion >&5
gcc: error: unrecognized command line option '-qversion'; did you mean '--version'?
gcc: fatal error: no input files
compilation terminated.
configure:3504: $? = 1
configure:3524: checking whether the C compiler works
configure:3546: gcc    conftest.c  >&5
configure:3550: $? = 0
configure:3598: result: yes
configure:3601: checking for C compiler default output file name
configure:3603: result: a.out
configure:3609: checking for suffix of executables
configure:3616: gcc -o conftest    conftest.c  >&5
configure:3620: $? = 0
configure:3642: result: 
configure:3664: checking whether we are cross compiling
configure:3672: gcc -o conftest    conftest.c  >&5
configure:3676: $? = 0
configure:3683: ./conftest
configure:3687: $? = 0
configure:3675: result: no
configure:3680: checking for suffix of object files
configure:3702: gcc -c   conftest.c >&5
configure:3706: $? = 0
configure:3727: result: o
configure:3731: checking whether we are using the GNU C compiler
configure:3750: gcc -c   conftest.c >&5
configure:3750: $? = 0
configure:3759: result: yes
configure:3768: checking whether gcc accepts -g
configure:3788: gcc -c -g  conftest.c >&5
configure:3788: $? = 0
configure:3829: result: yes
configure:3846: checking for gcc option to accept ISO C89
configure:3909: gcc  -c -g -O2  conftest.c >&5
configure:3909: $? = 0
configure:3922: result: none needed
configure:3947: checking whether gcc understands -c and -o together
configure:3969: gcc -c conftest.c -o conftest2.o
configure:3972: $? = 0
configure:3969: gcc -c conftest.c -o conftest2.o
configure:3972: $? = 0
configure:3984: result: yes
configure:4004: checking whether make supports the include directive
configure:4019: make -f confmf.GNU && cat confinc.out
this is the am__doit target
configure:4022: $? = 0
configure:4041: result: yes (GNU style)
configure:4066: checking dependency style of gcc
configure:4177: result: gcc3
configure:4250: checking for g++
configure:4266: found /usr/bin/g++
configure:4277: result: g++
configure:4304: checking for C++ compiler version
configure:4313: g++ --version >&5
g++ (Ubuntu 9.3.0-17ubuntu1~20.04) 9.3.0
Copyright (C) 2019 Free Software Foundation, Inc.
This is free software; see the source for copying conditions.  There is NO
warranty; not even for MERCHANTABILITY or FITNESS FOR A PARTICULAR PURPOSE.

configure:4324: $? = 0
configure:4313: g++ -v >&5
Using built-in specs.
COLLECT_GCC=g++
COLLECT_LTO_WRAPPER=/usr/lib/gcc/x86_64-linux-gnu/9/lto-wrapper
OFFLOAD_TARGET_NAMES=nvptx-none:hsa
OFFLOAD_TARGET_DEFAULT=1
Target: x86_64-linux-gnu
Configured with: ../src/configure -v --with-pkgversion='Ubuntu 9.3.0-17ubuntu1~20.04' --with-bugurl=file:///usr/share/doc/gcc-9/README.Bugs --enable-languages=c,ada,c++,go,brig,d,fortran,objc,obj-c++,gm2 --prefix=/usr --with-gcc-major-version-only --program-suffix=-9 --program-prefix=x86_64-linux-gnu- --enable-shared --enable-linker-build-id --libexecdir=/usr/lib --without-included-gettext --enable-threads=posix --libdir=/usr/lib --enable-nls --enable-clocale=gnu --enable-libstdcxx-debug --enable-libstdcxx-time=yes --with-default-libstdcxx-abi=new --enable-gnu-unique-object --disable-vtable-verify --enable-plugin --enable-default-pie --with-system-zlib --with-target-system-zlib=auto --enable-objc-gc=auto --enable-multiarch --disable-werror --with-arch-32=i686 --with-abi=m64 --with-multilib-list=m32,m64,mx32 --enable-multilib --with-tune=generic --enable-offload-targets=nvptx-none=/build/gcc-9-HskZEa/gcc-9-9.3.0/debian/tmp-nvptx/usr,hsa --without-cuda-driver --enable-checking=release --build=x86_64-linux-gnu --host=x86_64-linux-gnu --target=x86_64-linux-gnu
Thread model: posix
gcc version 9.3.0 (Ubuntu 9.3.0-17ubuntu1~20.04) 
configure:4324: $? = 0
configure:4313: g++ -V >&5
g++: error: unrecognized command line option '-V'
g++: fatal error: no input files
compilation terminated.
configure:4324: $? = 1
configure:4313: g++ -qversion >&5
g++: error: unrecognized command line option '-qversion'; did you mean '--version'?
g++: fatal error: no input files
compilation terminated.
configure:4324: $? = 1
configure:4328: checking whether we are using the GNU C++ compiler
configure:4347: g++ -c   conftest.cpp >&5
configure:4347: $? = 0
configure:4356: result: yes
configure:4365: checking whether g++ accepts -g
configure:4385: g++ -c -g  conftest.cpp >&5
configure:4385: $? = 0
configure:4426: result: yes
configure:4451: checking dependency style of g++
configure:4562: result: gcc3
configure:4577: checking whether ln -s works
configure:4581: result: yes
configure:4631: checking for ranlib
configure:4647: found /usr/bin/ranlib
configure:4658: result: ranlib
configure:4686: checking how to run the C preprocessor
configure:4717: gcc -E  conftest.c
configure:4717: $? = 0
configure:4731: gcc -E  conftest.c
conftest.c:12:10: fatal error: ac_nonexistent.h: No such file or directory
   12 | #include <ac_nonexistent.h>
      |          ^~~~~~~~~~~~~~~~~~
compilation terminated.
configure:4731: $? = 1
configure: failed program was:
| /* confdefs.h */
| #define PACKAGE_NAME "xdre"
| #define PACKAGE_TARNAME "xdre"
| #define PACKAGE_VERSION "2.17"
| #define PACKAGE_STRING "xdre 2.17"
| #define PACKAGE_BUGREPORT ""
| #define PACKAGE_URL ""
| #define PACKAGE "xdre"
| #define VERSION "2.17"
| #define DOOMWADDIR "/usr/local/share/games/doom"
| /* end confdefs.h.  */
| #include <ac_nonexistent.h>
configure:4756: result: gcc -E
configure:4776: gcc -E  conftest.c
configure:4776: $? = 0
configure:4790: gcc -E  conftest.c
conftest.c:12:10: fatal error: ac_nonexistent.h: No such file or directory
   12 | #include <ac_nonexistent.h>
      |          ^~~~~~~~~~~~~~~~~~
compilation terminated.
configure:4790: $? = 1
configure: failed program was:
| /* confdefs.h */
| #define PACKAGE_NAME "xdre"
| #define PACKAGE_TARNAME "xdre"
| #define PACKAGE_VERSION "2.17"
| #define PACKAGE_STRING "xdre 2.17"
| #define PACKAGE_BUGREPORT ""
| #define PACKAGE_URL ""
| #define PACKAGE "xdre"
| #define VERSION "2.17"
| #define DOOMWADDIR "/usr/local/share/games/doom"
| /* end confdefs.h.  */
| #include <ac_nonexistent.h>
configure:4819: checking for grep that handles long lines and -e
configure:4877: result: /usr/bin/grep
configure:4882: checking for egrep
configure:4944: result: /usr/bin/grep -E
configure:4949: checking for ANSI C header files
configure:4969: gcc -c -g -O2  conftest.c >&5
configure:4969: $? = 0
configure:5042: gcc -o conftest -g -O2   conftest.c  >&5
configure:5042: $? = 0
configure:5042: ./conftest
configure:5042: $? = 0
configure:5053: result: yes
configure:5066: checking for sys/types.h
configure:5066: gcc -c -g -O2  conftest.c >&5
configure:5066: $? = 0
configure:5066: result: yes
configure:5066: checking for sys/stat.h
configure:5066: gcc -c -g -O2  conftest.c >&5
configure:5066: $? = 0
configure:5066: result: yes
configure:5066: checking for stdlib.h
configure:5066: gcc -c -g -O2  conftest.c >&5
configure:5066: $? = 0
configure:5066: result: yes
configure:5066: checking for string.h
configure:5066: gcc -c -g -O2  conftest.c >&5
configure:5066: $? = 0
configure:5066: result: yes
configure:5066: checking for memory.h
configure:5066: gcc -c -g -O2  conftest.c >&5
configure:5066: $? = 0
configure:5066: result: yes
configure:5066: checking for strings.h
configure:5066: gcc -c -g -O2  conftest.c >&5
configure:5066: $? = 0
configure:5066: result: yes
configure:5066: checking for inttypes.h
configure:5066: gcc -c -g -O2  conftest.c >&5
configure:5066: $? = 0
configure:5066: result: yes
configure:5066: checking for stdint.h
configure:5066: gcc -c -g -O2  conftest.c >&5
configure:5066: $? = 0
configure:5066: result: yes
configure:5066: checking for unistd.h
configure:5066: gcc -c -g -O2  conftest.c >&5
configure:5066: $? = 0
configure:5066: result: yes
configure:5079: checking minix/config.h usability
configure:5079: gcc -c -g -O2  conftest.c >&5
conftest.c:55:10: fatal error: minix/config.h: No such file or directory
   55 | #include <minix/config.h>
      |          ^~~~~~~~~~~~~~~~
compilation terminated.
configure:5079: $? = 1
configure: failed program was:
| /* confdefs.h */
| #define PACKAGE_NAME "xdre"
| #define PACKAGE_TARNAME "xdre"
| #define PACKAGE_VERSION "2.17"
| #define PACKAGE_STRING "xdre 2.17"
| #define PACKAGE_BUGREPORT ""
| #define PACKAGE_URL ""
| #define PACKAGE "xdre"
| #define VERSION "2.17"
| #define DOOMWADDIR "/usr/local/share/games/doom"
| #define STDC_HEADERS 1
| #define HAVE_SYS_TYPES_H 1
| #define HAVE_SYS_STAT_H 1
| #define HAVE_STDLIB_H 1
| #define HAVE_STRING_H 1
| #define HAVE_MEMORY_H 1
| #define HAVE_STRINGS_H 1
| #define HAVE_INTTYPES_H 1
| #define HAVE_STDINT_H 1
| #define HAVE_UNISTD_H 1
| /* end confdefs.h.  */
| #include <stdio.h>
| #ifdef HAVE_SYS_TYPES_H
| # include <sys/types.h>
| #endif
| #ifdef HAVE_SYS_STAT_H
| # include <sys/stat.h>
| #endif
| #ifdef STDC_HEADERS
| # include <stdlib.h>
| # include <stddef.h>
| #else
| # ifdef HAVE_STDLIB_H
| #  include <stdlib.h>
| # endif
| #endif
| #ifdef HAVE_STRING_H
| # if !defined STDC_HEADERS && defined HAVE_MEMORY_H
| #  include <memory.h>
| # endif
| # include <string.h>
| #endif
| #ifdef HAVE_STRINGS_H
| # include <strings.h>
| #endif
| #ifdef HAVE_INTTYPES_H
| # include <inttypes.h>
| #endif
| #ifdef HAVE_STDINT_H
| # include <stdint.h>
| #endif
| #ifdef HAVE_UNISTD_H
| # include <unistd.h>
| #endif
| #include <minix/config.h>
configure:5079: result: no
configure:5079: checking minix/config.h presence
configure:5079: gcc -E  conftest.c
conftest.c:22:10: fatal error: minix/config.h: No such file or directory
   22 | #include <minix/config.h>
      |          ^~~~~~~~~~~~~~~~
compilation terminated.
configure:5079: $? = 1
configure: failed program was:
| /* confdefs.h */
| #define PACKAGE_NAME "xdre"
| #define PACKAGE_TARNAME "xdre"
| #define PACKAGE_VERSION "2.17"
| #define PACKAGE_STRING "xdre 2.17"
| #define PACKAGE_BUGREPORT ""
| #define PACKAGE_URL ""
| #define PACKAGE "xdre"
| #define VERSION "2.17"
| #define DOOMWADDIR "/usr/local/share/games/doom"
| #define STDC_HEADERS 1
| #define HAVE_SYS_TYPES_H 1
| #define HAVE_SYS_STAT_H 1
| #define HAVE_STDLIB_H 1
| #define HAVE_STRING_H 1
| #define HAVE_MEMORY_H 1
| #define HAVE_STRINGS_H 1
| #define HAVE_INTTYPES_H 1
| #define HAVE_STDINT_H 1
| #define HAVE_UNISTD_H 1
| /* end confdefs.h.  */
| #include <minix/config.h>
configure:5079: result: no
configure:5079: checking for minix/config.h
configure:5079: result: no
configure:5100: checking whether it is safe to define __EXTENSIONS__
configure:5118: gcc -c -g -O2  conftest.c >&5
configure:5118: $? = 0
configure:5125: result: yes
configure:5159: checking whether compiler supports -Wall
configure:5175: gcc -c -g -O2 -Wall  conftest.c >&5
conftest.c:33:8: warning: 'f' defined but not used [-Wunused-function]
   33 |   void f() {};
      |        ^
configure:5175: $? = 0
configure:5178: result: yes
configure:5159: checking whether compiler supports -Wextra
configure:5175: gcc -c -g -O2 -Wall -Wextra  conftest.c >&5
conftest.c:33:8: warning: 'f' defined but not used [-Wunused-function]
   33 |   void f() {};
      |        ^
configure:5175: $? = 0
configure:5178: result: yes
configure:5159: checking whether compiler supports -Wwrite-strings
configure:5175: gcc -c -g -O2 -Wall -Wextra -Wwrite-strings  conftest.c >&5
conftest.c:33:8: warning: 'f' defined but not used [-Wunused-function]
   33 |   void f() {};
      |        ^
configure:5175: $? = 0
configure:5178: result: yes
configure:5159: checking whether compiler supports -Wundef
configure:5175: gcc -c -g -O2 -Wall -Wextra -Wwrite-strings -Wundef  conftest.c >&5
conftest.c:33:8: warning: 'f' defined but not used [-Wunused-function]
   33 |   void f() {};
      |        ^
configure:5175: $? = 0
configure:5178: result: yes
configure:5159: checking whether compiler supports -Wbad-function-cast
configure:5175: gcc -c -g -O2 -Wall -Wextra -Wwrite-strings -Wundef -Wbad-function-cast  conftest.c >&5
conftest.c:33:8: warning: 'f' defined but not used [-Wunused-function]
   33 |   void f() {};
      |        ^
configure:5175: $? = 0
configure:5178: result: yes
configure:5159: checking whether compiler supports -Wcast-align
configure:5175: gcc -c -g -O2 -Wall -Wextra -Wwrite-strings -Wundef -Wbad-function-cast -Wcast-align  conftest.c >&5
conftest.c:33:8: warning: 'f' defined but not used [-Wunused-function]
   33 |   void f() {};
      |        ^
configure:5175: $? = 0
configure:5178: result: yes
configure:5159: checking whether compiler supports -Wcast-qual
configure:5175: gcc -c -g -O2 -Wall -Wextra -Wwrite-strings -Wundef -Wbad-function-cast -Wcast-align -Wcast-qual  conftest.c >&5
conftest.c:33:8: warning: 'f' defined but not used [-Wunused-function]
   33 |   void f() {};
      |        ^
configure:5175: $? = 0
configure:5178: result: yes
configure:5159: checking whether compiler supports -Wdeclaration-after-statement
configure:5175: gcc -c -g -O2 -Wall -Wextra -Wwrite-strings -Wundef -Wbad-function-cast -Wcast-align -Wcast-qual -Wdeclaration-after-statement  conftest.c >&5
conftest.c:33:8: warning: 'f' defined but not used [-Wunused-function]
   33 |   void f() {};
      |        ^
configure:5175: $? = 0
configure:5178: result: yes
configure:5159: checking whether compiler supports -Wpointer-arith
configure:5175: gcc -c -g -O2 -Wall -Wextra -Wwrite-strings -Wundef -Wbad-function-cast -Wcast-align -Wcast-qual -Wdeclaration-after-statement -Wpointer-arith  conftest.c >&5
conftest.c:33:8: warning: 'f' defined but not used [-Wunused-function]
   33 |   void f() {};
      |        ^
configure:5175: $? = 0
configure:5178: result: yes
configure:5202: checking whether compiler supports -Wno-unused
configure:5218: gcc -c -g -O2 -Wall -Wextra -Wwrite-strings -Wundef -Wbad-function-cast -Wcast-align -Wcast-qual -Wdeclaration-after-statement -Wpointer-arith -Wno-unused  conftest.c >&5
configure:5218: $? = 0
configure:5221: result: yes
configure:5202: checking whether compiler supports -Wno-switch
configure:5218: gcc -c -g -O2 -Wall -Wextra -Wwrite-strings -Wundef -Wbad-function-cast -Wcast-align -Wcast-qual -Wdeclaration-after-statement -Wpointer-arith -Wno-unused -Wno-switch  conftest.c >&5
configure:5218: $? = 0
configure:5221: result: yes
configure:5202: checking whether compiler supports -Wno-sign-compare
configure:5218: gcc -c -g -O2 -Wall -Wextra -Wwrite-strings -Wundef -Wbad-function-cast -Wcast-align -Wcast-qual -Wdeclaration-after-statement -Wpointer-arith -Wno-unused -Wno-switch -Wno-sign-compare  conftest.c >&5
configure:5218: $? = 0
configure:5221: result: yes
configure:5202: checking whether compiler supports -Wno-pointer-sign
configure:5218: gcc -c -g -O2 -Wall -Wextra -Wwrite-strings -Wundef -Wbad-function-cast -Wcast-align -Wcast-qual -Wdeclaration-after-statement -Wpointer-arith -Wno-unused -Wno-switch -Wno-sign-compare -Wno-pointer-sign  conftest.c >&5
configure:5218: $? = 0
configure:5221: result: yes
configure:5292: checking if malloc debugging is wanted
configure:5310: result: no
configure:5324: checking whether compiler supports -march=native
configure:5341: gcc -c -g -O2 -Wall -Wextra -Wwrite-strings -Wundef -Wbad-function-cast -Wcast-align -Wcast-qual -Wdeclaration-after-statement -Wpointer-arith -Wno-unused -Wno-switch -Wno-sign-compare -Wno-pointer-sign -march=native  conftest.c >&5
configure:5341: $? = 0
configure:5343: result: yes
configure:5443: checking for an ANSI C-conforming const
configure:5509: gcc -c -g -O2 -Wall -Wextra -Wwrite-strings -Wundef -Wbad-function-cast -Wcast-align -Wcast-qual -Wdeclaration-after-statement -Wpointer-arith -Wno-unused -Wno-switch -Wno-sign-compare -Wno-pointer-sign -march=native -I$(top_srcdir)/src/prboom-plus/src  conftest.c >&5
conftest.c: In function 'main':
conftest.c:51:9: warning: cast discards 'const' qualifier from pointer target type [-Wcast-qual]
   51 |   ppc = (char**) pcpcc;
      |         ^
configure:5509: $? = 0
configure:5516: result: yes
configure:5524: checking for inline
configure:5540: gcc -c -g -O2 -Wall -Wextra -Wwrite-strings -Wundef -Wbad-function-cast -Wcast-align -Wcast-qual -Wdeclaration-after-statement -Wpointer-arith -Wno-unused -Wno-switch -Wno-sign-compare -Wno-pointer-sign -march=native -I$(top_srcdir)/src/prboom-plus/src  conftest.c >&5
configure:5540: $? = 0
configure:5548: result: inline
configure:5567: checking whether byte ordering is bigendian
configure:5582: gcc -c -g -O2 -Wall -Wextra -Wwrite-strings -Wundef -Wbad-function-cast -Wcast-align -Wcast-qual -Wdeclaration-after-statement -Wpointer-arith -Wno-unused -Wno-switch -Wno-sign-compare -Wno-pointer-sign -march=native -I$(top_srcdir)/src/prboom-plus/src  conftest.c >&5
conftest.c:29:9: error: unknown type name 'not'
   29 |         not a universal capable compiler
      |         ^~~
conftest.c:29:15: error: expected '=', ',', ';', 'asm' or '__attribute__' before 'universal'
   29 |         not a universal capable compiler
      |               ^~~~~~~~~
conftest.c:29:15: error: unknown type name 'universal'
configure:5582: $? = 1
configure: failed program was:
| /* confdefs.h */
| #define PACKAGE_NAME "xdre"
| #define PACKAGE_TARNAME "xdre"
| #define PACKAGE_VERSION "2.17"
| #define PACKAGE_STRING "xdre 2.17"
| #define PACKAGE_BUGREPORT ""
| #define PACKAGE_URL ""
| #define PACKAGE "xdre"
| #define VERSION "2.17"
| #define DOOMWADDIR "/usr/local/share/games/doom"
| #define STDC_HEADERS 1
| #define HAVE_SYS_TYPES_H 1
| #define HAVE_SYS_STAT_H 1
| #define HAVE_STDLIB_H 1
| #define HAVE_STRING_H 1
| #define HAVE_MEMORY_H 1
| #define HAVE_STRINGS_H 1
| #define HAVE_INTTYPES_H 1
| #define HAVE_STDINT_H 1
| #define HAVE_UNISTD_H 1
| #define __EXTENSIONS__ 1
| #define _ALL_SOURCE 1
| #define _GNU_SOURCE 1
| #define _POSIX_PTHREAD_SEMANTICS 1
| #define _TANDEM_SOURCE 1
| #define PACKEDATTR __attribute__((gcc_struct, packed))
| /* end confdefs.h.  */
| #ifndef __APPLE_CC__
| 	       not a universal capable compiler
| 	     #endif
| 	     typedef int dummy;
| 
configure:5627: gcc -c -g -O2 -Wall -Wextra -Wwrite-strings -Wundef -Wbad-function-cast -Wcast-align -Wcast-qual -Wdeclaration-after-statement -Wpointer-arith -Wno-unused -Wno-switch -Wno-sign-compare -Wno-pointer-sign -march=native -I$(top_srcdir)/src/prboom-plus/src  conftest.c >&5
configure:5627: $? = 0
configure:5645: gcc -c -g -O2 -Wall -Wextra -Wwrite-strings -Wundef -Wbad-function-cast -Wcast-align -Wcast-qual -Wdeclaration-after-statement -Wpointer-arith -Wno-unused -Wno-switch -Wno-sign-compare -Wno-pointer-sign -march=native -I$(top_srcdir)/src/prboom-plus/src  conftest.c >&5
conftest.c: In function 'main':
conftest.c:35:4: error: unknown type name 'not'; did you mean 'ino_t'?
   35 |    not big endian
      |    ^~~
      |    ino_t
conftest.c:35:12: error: expected '=', ',', ';', 'asm' or '__attribute__' before 'endian'
   35 |    not big endian
      |            ^~~~~~
configure:5645: $? = 1
configure: failed program was:
| /* confdefs.h */
| #define PACKAGE_NAME "xdre"
| #define PACKAGE_TARNAME "xdre"
| #define PACKAGE_VERSION "2.17"
| #define PACKAGE_STRING "xdre 2.17"
| #define PACKAGE_BUGREPORT ""
| #define PACKAGE_URL ""
| #define PACKAGE "xdre"
| #define VERSION "2.17"
| #define DOOMWADDIR "/usr/local/share/games/doom"
| #define STDC_HEADERS 1
| #define HAVE_SYS_TYPES_H 1
| #define HAVE_SYS_STAT_H 1
| #define HAVE_STDLIB_H 1
| #define HAVE_STRING_H 1
| #define HAVE_MEMORY_H 1
| #define HAVE_STRINGS_H 1
| #define HAVE_INTTYPES_H 1
| #define HAVE_STDINT_H 1
| #define HAVE_UNISTD_H 1
| #define __EXTENSIONS__ 1
| #define _ALL_SOURCE 1
| #define _GNU_SOURCE 1
| #define _POSIX_PTHREAD_SEMANTICS 1
| #define _TANDEM_SOURCE 1
| #define PACKEDATTR __attribute__((gcc_struct, packed))
| /* end confdefs.h.  */
| #include <sys/types.h>
| 		#include <sys/param.h>
| 
| int
| main ()
| {
| #if BYTE_ORDER != BIG_ENDIAN
| 		 not big endian
| 		#endif
| 
|   ;
|   return 0;
| }
configure:5773: result: no
configure:5793: checking for uid_t in sys/types.h
configure:5812: result: yes
configure:5823: checking for size_t
configure:5823: gcc -c -g -O2 -Wall -Wextra -Wwrite-strings -Wundef -Wbad-function-cast -Wcast-align -Wcast-qual -Wdeclaration-after-statement -Wpointer-arith -Wno-unused -Wno-switch -Wno-sign-compare -Wno-pointer-sign -march=native -I$(top_srcdir)/src/prboom-plus/src  conftest.c >&5
configure:5823: $? = 0
configure:5823: gcc -c -g -O2 -Wall -Wextra -Wwrite-strings -Wundef -Wbad-function-cast -Wcast-align -Wcast-qual -Wdeclaration-after-statement -Wpointer-arith -Wno-unused -Wno-switch -Wno-sign-compare -Wno-pointer-sign -march=native -I$(top_srcdir)/src/prboom-plus/src  conftest.c >&5
conftest.c: In function 'main':
conftest.c:64:21: error: expected expression before ')' token
   64 | if (sizeof ((size_t)))
      |                     ^
configure:5823: $? = 1
configure: failed program was:
| /* confdefs.h */
| #define PACKAGE_NAME "xdre"
| #define PACKAGE_TARNAME "xdre"
| #define PACKAGE_VERSION "2.17"
| #define PACKAGE_STRING "xdre 2.17"
| #define PACKAGE_BUGREPORT ""
| #define PACKAGE_URL ""
| #define PACKAGE "xdre"
| #define VERSION "2.17"
| #define DOOMWADDIR "/usr/local/share/games/doom"
| #define STDC_HEADERS 1
| #define HAVE_SYS_TYPES_H 1
| #define HAVE_SYS_STAT_H 1
| #define HAVE_STDLIB_H 1
| #define HAVE_STRING_H 1
| #define HAVE_MEMORY_H 1
| #define HAVE_STRINGS_H 1
| #define HAVE_INTTYPES_H 1
| #define HAVE_STDINT_H 1
| #define HAVE_UNISTD_H 1
| #define __EXTENSIONS__ 1
| #define _ALL_SOURCE 1
| #define _GNU_SOURCE 1
| #define _POSIX_PTHREAD_SEMANTICS 1
| #define _TANDEM_SOURCE 1
| #define PACKEDATTR __attribute__((gcc_struct, packed))
| /* end confdefs.h.  */
| #include <stdio.h>
| #ifdef HAVE_SYS_TYPES_H
| # include <sys/types.h>
| #endif
| #ifdef HAVE_SYS_STAT_H
| # include <sys/stat.h>
| #endif
| #ifdef STDC_HEADERS
| # include <stdlib.h>
| # include <stddef.h>
| #else
| # ifdef HAVE_STDLIB_H
| #  include <stdlib.h>
| # endif
| #endif
| #ifdef HAVE_STRING_H
| # if !defined STDC_HEADERS && defined HAVE_MEMORY_H
| #  include <memory.h>
| # endif
| # include <string.h>
| #endif
| #ifdef HAVE_STRINGS_H
| # include <strings.h>
| #endif
| #ifdef HAVE_INTTYPES_H
| # include <inttypes.h>
| #endif
| #ifdef HAVE_STDINT_H
| # include <stdint.h>
| #endif
| #ifdef HAVE_UNISTD_H
| # include <unistd.h>
| #endif
| int
| main ()
| {
| if (sizeof ((size_t)))
| 	    return 0;
|   ;
|   return 0;
| }
configure:5823: result: yes
configure:5834: checking whether sys_siglist is declared
configure:5834: gcc -c -g -O2 -Wall -Wextra -Wwrite-strings -Wundef -Wbad-function-cast -Wcast-align -Wcast-qual -Wdeclaration-after-statement -Wpointer-arith -Wno-unused -Wno-switch -Wno-sign-compare -Wno-pointer-sign -march=native -I$(top_srcdir)/src/prboom-plus/src  conftest.c >&5
configure:5834: $? = 0
configure:5834: result: yes
configure:5852: checking for sys/wait.h that is POSIX.1 compatible
configure:5878: gcc -c -g -O2 -Wall -Wextra -Wwrite-strings -Wundef -Wbad-function-cast -Wcast-align -Wcast-qual -Wdeclaration-after-statement -Wpointer-arith -Wno-unused -Wno-switch -Wno-sign-compare -Wno-pointer-sign -march=native -I$(top_srcdir)/src/prboom-plus/src  conftest.c >&5
configure:5878: $? = 0
configure:5885: result: yes
configure:5896: checking for unistd.h
configure:5896: result: yes
configure:5896: checking asm/byteorder.h usability
configure:5896: gcc -c -g -O2 -Wall -Wextra -Wwrite-strings -Wundef -Wbad-function-cast -Wcast-align -Wcast-qual -Wdeclaration-after-statement -Wpointer-arith -Wno-unused -Wno-switch -Wno-sign-compare -Wno-pointer-sign -march=native -I$(top_srcdir)/src/prboom-plus/src  conftest.c >&5
configure:5896: $? = 0
configure:5896: result: yes
configure:5896: checking asm/byteorder.h presence
configure:5896: gcc -E  conftest.c
configure:5896: $? = 0
configure:5896: result: yes
configure:5896: checking for asm/byteorder.h
configure:5896: result: yes
configure:5896: checking sched.h usability
configure:5896: gcc -c -g -O2 -Wall -Wextra -Wwrite-strings -Wundef -Wbad-function-cast -Wcast-align -Wcast-qual -Wdeclaration-after-statement -Wpointer-arith -Wno-unused -Wno-switch -Wno-sign-compare -Wno-pointer-sign -march=native -I$(top_srcdir)/src/prboom-plus/src  conftest.c >&5
configure:5896: $? = 0
configure:5896: result: yes
configure:5896: checking sched.h presence
configure:5896: gcc -E  conftest.c
configure:5896: $? = 0
configure:5896: result: yes
configure:5896: checking for sched.h
configure:5896: result: yes
configure:5907: checking for stricmp
configure:5907: gcc -o conftest -g -O2 -Wall -Wextra -Wwrite-strings -Wundef -Wbad-function-cast -Wcast-align -Wcast-qual -Wdeclaration-after-statement -Wpointer-arith -Wno-unused -Wno-switch -Wno-sign-compare -Wno-pointer-sign -march=native -I$(top_srcdir)/src/prboom-plus/src   conftest.c  >&5
/usr/bin/ld: /tmp/ccAbqtXp.o: in function `main':
/home/alf/Documents/TAS/xdre-master/conftest.c:67: undefined reference to `stricmp'
collect2: error: ld returned 1 exit status
configure:5907: $? = 1
configure: failed program was:
| /* confdefs.h */
| #define PACKAGE_NAME "xdre"
| #define PACKAGE_TARNAME "xdre"
| #define PACKAGE_VERSION "2.17"
| #define PACKAGE_STRING "xdre 2.17"
| #define PACKAGE_BUGREPORT ""
| #define PACKAGE_URL ""
| #define PACKAGE "xdre"
| #define VERSION "2.17"
| #define DOOMWADDIR "/usr/local/share/games/doom"
| #define STDC_HEADERS 1
| #define HAVE_SYS_TYPES_H 1
| #define HAVE_SYS_STAT_H 1
| #define HAVE_STDLIB_H 1
| #define HAVE_STRING_H 1
| #define HAVE_MEMORY_H 1
| #define HAVE_STRINGS_H 1
| #define HAVE_INTTYPES_H 1
| #define HAVE_STDINT_H 1
| #define HAVE_UNISTD_H 1
| #define __EXTENSIONS__ 1
| #define _ALL_SOURCE 1
| #define _GNU_SOURCE 1
| #define _POSIX_PTHREAD_SEMANTICS 1
| #define _TANDEM_SOURCE 1
| #define PACKEDATTR __attribute__((gcc_struct, packed))
| #define HAVE_DECL_SYS_SIGLIST 1
| #define HAVE_SYS_WAIT_H 1
| #define HAVE_UNISTD_H 1
| #define HAVE_ASM_BYTEORDER_H 1
| #define HAVE_SCHED_H 1
| /* end confdefs.h.  */
| /* Define stricmp to an innocuous variant, in case <limits.h> declares stricmp.
|    For example, HP-UX 11i <limits.h> declares gettimeofday.  */
| #define stricmp innocuous_stricmp
| 
| /* System header to define __stub macros and hopefully few prototypes,
|     which can conflict with char stricmp (); below.
|     Prefer <limits.h> to <assert.h> if __STDC__ is defined, since
|     <limits.h> exists even on freestanding compilers.  */
| 
| #ifdef __STDC__
| # include <limits.h>
| #else
| # include <assert.h>
| #endif
| 
| #undef stricmp
| 
| /* Override any GCC internal prototype to avoid an error.
|    Use char because int might match the return type of a GCC
|    builtin and then its argument prototype would still apply.  */
| #ifdef __cplusplus
| extern "C"
| #endif
| char stricmp ();
| /* The GNU C library defines this for functions which it implements
|     to always fail with ENOSYS.  Some functions are actually named
|     something starting with __ and the normal name is an alias.  */
| #if defined __stub_stricmp || defined __stub___stricmp
| choke me
| #endif
| 
| int
| main ()
| {
| return stricmp ();
|   ;
|   return 0;
| }
configure:5907: result: no
configure:5916: checking for strnicmp
configure:5916: gcc -o conftest -g -O2 -Wall -Wextra -Wwrite-strings -Wundef -Wbad-function-cast -Wcast-align -Wcast-qual -Wdeclaration-after-statement -Wpointer-arith -Wno-unused -Wno-switch -Wno-sign-compare -Wno-pointer-sign -march=native -I$(top_srcdir)/src/prboom-plus/src   conftest.c  >&5
/usr/bin/ld: /tmp/ccKJ2Lms.o: in function `main':
/home/alf/Documents/TAS/xdre-master/conftest.c:68: undefined reference to `strnicmp'
collect2: error: ld returned 1 exit status
configure:5916: $? = 1
configure: failed program was:
| /* confdefs.h */
| #define PACKAGE_NAME "xdre"
| #define PACKAGE_TARNAME "xdre"
| #define PACKAGE_VERSION "2.17"
| #define PACKAGE_STRING "xdre 2.17"
| #define PACKAGE_BUGREPORT ""
| #define PACKAGE_URL ""
| #define PACKAGE "xdre"
| #define VERSION "2.17"
| #define DOOMWADDIR "/usr/local/share/games/doom"
| #define STDC_HEADERS 1
| #define HAVE_SYS_TYPES_H 1
| #define HAVE_SYS_STAT_H 1
| #define HAVE_STDLIB_H 1
| #define HAVE_STRING_H 1
| #define HAVE_MEMORY_H 1
| #define HAVE_STRINGS_H 1
| #define HAVE_INTTYPES_H 1
| #define HAVE_STDINT_H 1
| #define HAVE_UNISTD_H 1
| #define __EXTENSIONS__ 1
| #define _ALL_SOURCE 1
| #define _GNU_SOURCE 1
| #define _POSIX_PTHREAD_SEMANTICS 1
| #define _TANDEM_SOURCE 1
| #define PACKEDATTR __attribute__((gcc_struct, packed))
| #define HAVE_DECL_SYS_SIGLIST 1
| #define HAVE_SYS_WAIT_H 1
| #define HAVE_UNISTD_H 1
| #define HAVE_ASM_BYTEORDER_H 1
| #define HAVE_SCHED_H 1
| #define stricmp strcasecmp
| /* end confdefs.h.  */
| /* Define strnicmp to an innocuous variant, in case <limits.h> declares strnicmp.
|    For example, HP-UX 11i <limits.h> declares gettimeofday.  */
| #define strnicmp innocuous_strnicmp
| 
| /* System header to define __stub macros and hopefully few prototypes,
|     which can conflict with char strnicmp (); below.
|     Prefer <limits.h> to <assert.h> if __STDC__ is defined, since
|     <limits.h> exists even on freestanding compilers.  */
| 
| #ifdef __STDC__
| # include <limits.h>
| #else
| # include <assert.h>
| #endif
| 
| #undef strnicmp
| 
| /* Override any GCC internal prototype to avoid an error.
|    Use char because int might match the return type of a GCC
|    builtin and then its argument prototype would still apply.  */
| #ifdef __cplusplus
| extern "C"
| #endif
| char strnicmp ();
| /* The GNU C library defines this for functions which it implements
|     to always fail with ENOSYS.  Some functions are actually named
|     something starting with __ and the normal name is an alias.  */
| #if defined __stub_strnicmp || defined __stub___strnicmp
| choke me
| #endif
| 
| int
| main ()
| {
| return strnicmp ();
|   ;
|   return 0;
| }
configure:5916: result: no
configure:5925: checking for min
configure:5925: gcc -o conftest -g -O2 -Wall -Wextra -Wwrite-strings -Wundef -Wbad-function-cast -Wcast-align -Wcast-qual -Wdeclaration-after-statement -Wpointer-arith -Wno-unused -Wno-switch -Wno-sign-compare -Wno-pointer-sign -march=native -I$(top_srcdir)/src/prboom-plus/src   conftest.c  >&5
/usr/bin/ld: /tmp/ccIN8Rtv.o: in function `main':
/home/alf/Documents/TAS/xdre-master/conftest.c:69: undefined reference to `min'
collect2: error: ld returned 1 exit status
configure:5925: $? = 1
configure: failed program was:
| /* confdefs.h */
| #define PACKAGE_NAME "xdre"
| #define PACKAGE_TARNAME "xdre"
| #define PACKAGE_VERSION "2.17"
| #define PACKAGE_STRING "xdre 2.17"
| #define PACKAGE_BUGREPORT ""
| #define PACKAGE_URL ""
| #define PACKAGE "xdre"
| #define VERSION "2.17"
| #define DOOMWADDIR "/usr/local/share/games/doom"
| #define STDC_HEADERS 1
| #define HAVE_SYS_TYPES_H 1
| #define HAVE_SYS_STAT_H 1
| #define HAVE_STDLIB_H 1
| #define HAVE_STRING_H 1
| #define HAVE_MEMORY_H 1
| #define HAVE_STRINGS_H 1
| #define HAVE_INTTYPES_H 1
| #define HAVE_STDINT_H 1
| #define HAVE_UNISTD_H 1
| #define __EXTENSIONS__ 1
| #define _ALL_SOURCE 1
| #define _GNU_SOURCE 1
| #define _POSIX_PTHREAD_SEMANTICS 1
| #define _TANDEM_SOURCE 1
| #define PACKEDATTR __attribute__((gcc_struct, packed))
| #define HAVE_DECL_SYS_SIGLIST 1
| #define HAVE_SYS_WAIT_H 1
| #define HAVE_UNISTD_H 1
| #define HAVE_ASM_BYTEORDER_H 1
| #define HAVE_SCHED_H 1
| #define stricmp strcasecmp
| #define strnicmp strncasecmp
| /* end confdefs.h.  */
| /* Define min to an innocuous variant, in case <limits.h> declares min.
|    For example, HP-UX 11i <limits.h> declares gettimeofday.  */
| #define min innocuous_min
| 
| /* System header to define __stub macros and hopefully few prototypes,
|     which can conflict with char min (); below.
|     Prefer <limits.h> to <assert.h> if __STDC__ is defined, since
|     <limits.h> exists even on freestanding compilers.  */
| 
| #ifdef __STDC__
| # include <limits.h>
| #else
| # include <assert.h>
| #endif
| 
| #undef min
| 
| /* Override any GCC internal prototype to avoid an error.
|    Use char because int might match the return type of a GCC
|    builtin and then its argument prototype would still apply.  */
| #ifdef __cplusplus
| extern "C"
| #endif
| char min ();
| /* The GNU C library defines this for functions which it implements
|     to always fail with ENOSYS.  Some functions are actually named
|     something starting with __ and the normal name is an alias.  */
| #if defined __stub_min || defined __stub___min
| choke me
| #endif
| 
| int
| main ()
| {
| return min ();
|   ;
|   return 0;
| }
configure:5925: result: no
configure:5932: checking for max
configure:5932: gcc -o conftest -g -O2 -Wall -Wextra -Wwrite-strings -Wundef -Wbad-function-cast -Wcast-align -Wcast-qual -Wdeclaration-after-statement -Wpointer-arith -Wno-unused -Wno-switch -Wno-sign-compare -Wno-pointer-sign -march=native -I$(top_srcdir)/src/prboom-plus/src   conftest.c  >&5
/usr/bin/ld: /tmp/cce9WR9z.o: in function `main':
/home/alf/Documents/TAS/xdre-master/conftest.c:69: undefined reference to `max'
collect2: error: ld returned 1 exit status
configure:5932: $? = 1
configure: failed program was:
| /* confdefs.h */
| #define PACKAGE_NAME "xdre"
| #define PACKAGE_TARNAME "xdre"
| #define PACKAGE_VERSION "2.17"
| #define PACKAGE_STRING "xdre 2.17"
| #define PACKAGE_BUGREPORT ""
| #define PACKAGE_URL ""
| #define PACKAGE "xdre"
| #define VERSION "2.17"
| #define DOOMWADDIR "/usr/local/share/games/doom"
| #define STDC_HEADERS 1
| #define HAVE_SYS_TYPES_H 1
| #define HAVE_SYS_STAT_H 1
| #define HAVE_STDLIB_H 1
| #define HAVE_STRING_H 1
| #define HAVE_MEMORY_H 1
| #define HAVE_STRINGS_H 1
| #define HAVE_INTTYPES_H 1
| #define HAVE_STDINT_H 1
| #define HAVE_UNISTD_H 1
| #define __EXTENSIONS__ 1
| #define _ALL_SOURCE 1
| #define _GNU_SOURCE 1
| #define _POSIX_PTHREAD_SEMANTICS 1
| #define _TANDEM_SOURCE 1
| #define PACKEDATTR __attribute__((gcc_struct, packed))
| #define HAVE_DECL_SYS_SIGLIST 1
| #define HAVE_SYS_WAIT_H 1
| #define HAVE_UNISTD_H 1
| #define HAVE_ASM_BYTEORDER_H 1
| #define HAVE_SCHED_H 1
| #define stricmp strcasecmp
| #define strnicmp strncasecmp
| /* end confdefs.h.  */
| /* Define max to an innocuous variant, in case <limits.h> declares max.
|    For example, HP-UX 11i <limits.h> declares gettimeofday.  */
| #define max innocuous_max
| 
| /* System header to define __stub macros and hopefully few prototypes,
|     which can conflict with char max (); below.
|     Prefer <limits.h> to <assert.h> if __STDC__ is defined, since
|     <limits.h> exists even on freestanding compilers.  */
| 
| #ifdef __STDC__
| # include <limits.h>
| #else
| # include <assert.h>
| #endif
| 
| #undef max
| 
| /* Override any GCC internal prototype to avoid an error.
|    Use char because int might match the return type of a GCC
|    builtin and then its argument prototype would still apply.  */
| #ifdef __cplusplus
| extern "C"
| #endif
| char max ();
| /* The GNU C library defines this for functions which it implements
|     to always fail with ENOSYS.  Some functions are actually named
|     something starting with __ and the normal name is an alias.  */
| #if defined __stub_max || defined __stub___max
| choke me
| #endif
| 
| int
| main ()
| {
| return max ();
|   ;
|   return 0;
| }
configure:5932: result: no
configure:5942: checking for getopt
configure:5942: gcc -o conftest -g -O2 -Wall -Wextra -Wwrite-strings -Wundef -Wbad-function-cast -Wcast-align -Wcast-qual -Wdeclaration-after-statement -Wpointer-arith -Wno-unused -Wno-switch -Wno-sign-compare -Wno-pointer-sign -march=native -I$(top_srcdir)/src/prboom-plus/src   conftest.c  >&5
configure:5942: $? = 0
configure:5942: result: yes
configure:5942: checking for inet_aton
configure:5942: gcc -o conftest -g -O2 -Wall -Wextra -Wwrite-strings -Wundef -Wbad-function-cast -Wcast-align -Wcast-qual -Wdeclaration-after-statement -Wpointer-arith -Wno-unused -Wno-switch -Wno-sign-compare -Wno-pointer-sign -march=native -I$(top_srcdir)/src/prboom-plus/src   conftest.c  >&5
configure:5942: $? = 0
configure:5942: result: yes
configure:5942: checking for inet_pton
configure:5942: gcc -o conftest -g -O2 -Wall -Wextra -Wwrite-strings -Wundef -Wbad-function-cast -Wcast-align -Wcast-qual -Wdeclaration-after-statement -Wpointer-arith -Wno-unused -Wno-switch -Wno-sign-compare -Wno-pointer-sign -march=native -I$(top_srcdir)/src/prboom-plus/src   conftest.c  >&5
configure:5942: $? = 0
configure:5942: result: yes
configure:5942: checking for inet_ntop
configure:5942: gcc -o conftest -g -O2 -Wall -Wextra -Wwrite-strings -Wundef -Wbad-function-cast -Wcast-align -Wcast-qual -Wdeclaration-after-statement -Wpointer-arith -Wno-unused -Wno-switch -Wno-sign-compare -Wno-pointer-sign -march=native -I$(top_srcdir)/src/prboom-plus/src   conftest.c  >&5
configure:5942: $? = 0
configure:5942: result: yes
configure:5942: checking for mmap
configure:5942: gcc -o conftest -g -O2 -Wall -Wextra -Wwrite-strings -Wundef -Wbad-function-cast -Wcast-align -Wcast-qual -Wdeclaration-after-statement -Wpointer-arith -Wno-unused -Wno-switch -Wno-sign-compare -Wno-pointer-sign -march=native -I$(top_srcdir)/src/prboom-plus/src   conftest.c  >&5
configure:5942: $? = 0
configure:5942: result: yes
configure:5942: checking for usleep
configure:5942: gcc -o conftest -g -O2 -Wall -Wextra -Wwrite-strings -Wundef -Wbad-function-cast -Wcast-align -Wcast-qual -Wdeclaration-after-statement -Wpointer-arith -Wno-unused -Wno-switch -Wno-sign-compare -Wno-pointer-sign -march=native -I$(top_srcdir)/src/prboom-plus/src   conftest.c  >&5
configure:5942: $? = 0
configure:5942: result: yes
configure:5942: checking for sched_setaffinity
configure:5942: gcc -o conftest -g -O2 -Wall -Wextra -Wwrite-strings -Wundef -Wbad-function-cast -Wcast-align -Wcast-qual -Wdeclaration-after-statement -Wpointer-arith -Wno-unused -Wno-switch -Wno-sign-compare -Wno-pointer-sign -march=native -I$(top_srcdir)/src/prboom-plus/src   conftest.c  >&5
configure:5942: $? = 0
configure:5942: result: yes
configure:5952: checking for pow in -lm
configure:5977: gcc -o conftest -g -O2 -Wall -Wextra -Wwrite-strings -Wundef -Wbad-function-cast -Wcast-align -Wcast-qual -Wdeclaration-after-statement -Wpointer-arith -Wno-unused -Wno-switch -Wno-sign-compare -Wno-pointer-sign -march=native -I$(top_srcdir)/src/prboom-plus/src   conftest.c -lm   >&5
conftest.c:49:6: warning: conflicting types for built-in function 'pow'; expected 'double(double,  double)' [-Wbuiltin-declaration-mismatch]
   49 | char pow ();
      |      ^~~
conftest.c:1:1: note: 'pow' is declared in header '<math.h>'
    1 | /* confdefs.h */
configure:5977: $? = 0
configure:5986: result: yes
configure:6119: checking for sdl-config
configure:6150: result: /usr/bin/sdl-config
configure:6160: checking for SDL - version >= 1.1.3
configure:6247: gcc -o conftest -g -O2 -Wall -Wextra -Wwrite-strings -Wundef -Wbad-function-cast -Wcast-align -Wcast-qual -Wdeclaration-after-statement -Wpointer-arith -Wno-unused -Wno-switch -Wno-sign-compare -Wno-pointer-sign -march=native -I$(top_srcdir)/src/prboom-plus/src -I/usr/include/SDL -D_GNU_SOURCE=1 -D_REENTRANT   conftest.c -lm  -L/usr/lib/x86_64-linux-gnu -lSDL >&5
conftest.c: In function 'main':
conftest.c:76:27: warning: passing argument 1 of 'my_strdup' discards 'const' qualifier from pointer target type [-Wdiscarded-qualifiers]
   76 |   tmp_version = my_strdup("1.1.3");
      |                           ^~~~~~~
conftest.c:50:18: note: expected 'char *' but argument is of type 'const char *'
   50 | my_strdup (char *str)
      |            ~~~~~~^~~
configure:6247: $? = 0
configure:6247: ./conftest
configure:6247: $? = 0
configure:6262: result: yes
configure:6342: checking for SDL_JoystickGetAxis
configure:6342: gcc -o conftest -g -O2 -Wall -Wextra -Wwrite-strings -Wundef -Wbad-function-cast -Wcast-align -Wcast-qual -Wdeclaration-after-statement -Wpointer-arith -Wno-unused -Wno-switch -Wno-sign-compare -Wno-pointer-sign -march=native -I$(top_srcdir)/src/prboom-plus/src   conftest.c -lm  -L/usr/lib/x86_64-linux-gnu -lSDL >&5
configure:6342: $? = 0
configure:6342: result: yes
configure:7336: checking for wx-config
configure:7355: found /usr/local/bin/wx-config
configure:7368: result: /usr/local/bin/wx-config
configure:7383: checking for wxWidgets version >= 3.0.0
configure:7429: result: yes (version 3.1.4)
configure:7433: checking for wxWidgets static library
configure:7437: result: no
configure:7806: checking that generated files are newer than configure
configure:7812: result: done
configure:7864: creating ./config.status

## ---------------------- ##
## Running config.status. ##
## ---------------------- ##

This file was extended by xdre config.status 2.17, which was
generated by GNU Autoconf 2.69.  Invocation command line was

  CONFIG_FILES    = 
  CONFIG_HEADERS  = 
  CONFIG_LINKS    = 
  CONFIG_COMMANDS = 
  $ ./config.status 

on alf-VirtualBox

config.status:938: creating Makefile
config.status:938: creating src/Makefile
config.status:938: creating codeblocks/Makefile
config.status:938: creating config.h
config.status:1167: executing depfiles commands
config.status:1244: cd src       && sed -e '/# am--include-marker/d' Makefile         | make -f - am--depfiles
config.status:1249: $? = 0
configure:9249: === configuring in src/prboom-plus (/home/alf/Documents/TAS/xdre-master/src/prboom-plus)
configure:9312: running /bin/bash ./configure --disable-option-checking '--prefix=/usr/local'  --cache-file=/dev/null --srcdir=.

## ---------------- ##
## Cache variables. ##
## ---------------- ##

ac_cv_build=x86_64-pc-linux-gnu
ac_cv_c_bigendian=no
ac_cv_c_compiler_gnu=yes
ac_cv_c_const=yes
ac_cv_c_inline=inline
ac_cv_cxx_compiler_gnu=yes
ac_cv_env_CCC_set=
ac_cv_env_CCC_value=
ac_cv_env_CC_set=
ac_cv_env_CC_value=
ac_cv_env_CFLAGS_set=
ac_cv_env_CFLAGS_value=
ac_cv_env_CPPFLAGS_set=
ac_cv_env_CPPFLAGS_value=
ac_cv_env_CPP_set=
ac_cv_env_CPP_value=
ac_cv_env_CXXFLAGS_set=
ac_cv_env_CXXFLAGS_value=
ac_cv_env_CXX_set=
ac_cv_env_CXX_value=
ac_cv_env_LDFLAGS_set=
ac_cv_env_LDFLAGS_value=
ac_cv_env_LIBS_set=
ac_cv_env_LIBS_value=
ac_cv_env_build_alias_set=
ac_cv_env_build_alias_value=
ac_cv_env_host_alias_set=
ac_cv_env_host_alias_value=
ac_cv_env_target_alias_set=
ac_cv_env_target_alias_value=
ac_cv_func_SDL_JoystickGetAxis=yes
ac_cv_func_getopt=yes
ac_cv_func_inet_aton=yes
ac_cv_func_inet_ntop=yes
ac_cv_func_inet_pton=yes
ac_cv_func_max=no
ac_cv_func_min=no
ac_cv_func_mmap=yes
ac_cv_func_sched_setaffinity=yes
ac_cv_func_stricmp=no
ac_cv_func_strnicmp=no
ac_cv_func_usleep=yes
ac_cv_have_decl_sys_siglist=yes
ac_cv_header_asm_byteorder_h=yes
ac_cv_header_inttypes_h=yes
ac_cv_header_memory_h=yes
ac_cv_header_minix_config_h=no
ac_cv_header_sched_h=yes
ac_cv_header_stdc=yes
ac_cv_header_stdint_h=yes
ac_cv_header_stdlib_h=yes
ac_cv_header_string_h=yes
ac_cv_header_strings_h=yes
ac_cv_header_sys_stat_h=yes
ac_cv_header_sys_types_h=yes
ac_cv_header_sys_wait_h=yes
ac_cv_header_unistd_h=yes
ac_cv_host=x86_64-pc-linux-gnu
ac_cv_lib_m_pow=yes
ac_cv_objext=o
ac_cv_path_EGREP='/usr/bin/grep -E'
ac_cv_path_GREP=/usr/bin/grep
ac_cv_path_SDL_CONFIG=/usr/bin/sdl-config
ac_cv_path_WX_CONFIG_PATH=/usr/local/bin/wx-config
ac_cv_path_install='/usr/bin/install -c'
ac_cv_path_mkdir=/usr/bin/mkdir
ac_cv_prog_AWK=mawk
ac_cv_prog_CPP='gcc -E'
ac_cv_prog_ac_ct_CC=gcc
ac_cv_prog_ac_ct_CXX=g++
ac_cv_prog_ac_ct_RANLIB=ranlib
ac_cv_prog_cc_c89=
ac_cv_prog_cc_g=yes
ac_cv_prog_cxx_g=yes
ac_cv_prog_make_make_set=yes
ac_cv_safe_to_define___extensions__=yes
ac_cv_target=x86_64-pc-linux-gnu
ac_cv_type_size_t=yes
ac_cv_type_uid_t=yes
am_cv_CC_dependencies_compiler_type=gcc3
am_cv_CXX_dependencies_compiler_type=gcc3
am_cv_make_support_nested_variables=yes
am_cv_prog_cc_c_o=yes

## ----------------- ##
## Output variables. ##
## ----------------- ##

ACLOCAL='${SHELL} /home/alf/Documents/TAS/xdre-master/autotools/missing aclocal-1.16'
AMDEPBACKSLASH='\'
AMDEP_FALSE='#'
AMDEP_TRUE=''
AMTAR='$${TAR-tar}'
AM_BACKSLASH='\'
AM_DEFAULT_V='$(AM_DEFAULT_VERBOSITY)'
AM_DEFAULT_VERBOSITY='1'
AM_V='$(V)'
AUTOCONF='${SHELL} /home/alf/Documents/TAS/xdre-master/autotools/missing autoconf'
AUTOHEADER='${SHELL} /home/alf/Documents/TAS/xdre-master/autotools/missing autoheader'
AUTOMAKE='${SHELL} /home/alf/Documents/TAS/xdre-master/autotools/missing automake-1.16'
AWK='mawk'
BUILD_GL_FALSE=''
BUILD_GL_TRUE='#'
BUILD_SERVER_FALSE=''
BUILD_SERVER_TRUE='#'
CC='gcc'
CCDEPMODE='depmode=gcc3'
CFLAGS='-g -O2 -Wall -Wextra -Wwrite-strings -Wundef -Wbad-function-cast -Wcast-align -Wcast-qual -Wdeclaration-after-statement -Wpointer-arith -Wno-unused -Wno-switch -Wno-sign-compare -Wno-pointer-sign -march=native -I$(top_srcdir)/src/prboom-plus/src'
CPP='gcc -E'
CPPFLAGS=''
CXX='g++'
CXXDEPMODE='depmode=gcc3'
CXXFLAGS='-g -O2 -g -O2 -Wall -Wextra -Wwrite-strings -Wundef  -Wcast-align -Wcast-qual  -Wpointer-arith -Wno-unused -Wno-switch -Wno-sign-compare  -march=native -I$(top_srcdir)/src/prboom-plus/src'
CYGPATH_W='echo'
DEFS='-DHAVE_CONFIG_H'
DEPDIR='.deps'
DOGS_FALSE='#'
DOGS_TRUE=''
DOOMWADDIR='/usr/local/share/games/doom'
ECHO_C=''
ECHO_N='-n'
ECHO_T=''
EGREP='/usr/bin/grep -E'
EXEEXT=''
GL_LIBS=''
GREP='/usr/bin/grep'
INSTALL_DATA='${INSTALL} -m 644'
INSTALL_PROGRAM='${INSTALL}'
INSTALL_SCRIPT='${INSTALL}'
INSTALL_STRIP_PROGRAM='$(install_sh) -c -s'
LDFLAGS=''
LIBOBJS=''
LIBS='-lm '
LN_S='ln -s'
LTLIBOBJS=''
MAINT=''
MAINTAINER_MODE_FALSE='#'
MAINTAINER_MODE_TRUE=''
MAKEINFO='${SHELL} /home/alf/Documents/TAS/xdre-master/autotools/missing makeinfo'
MATH_LIB=''
MIXER_CFLAGS=''
MIXER_LIBS=''
MKDIR_P='/usr/bin/mkdir -p'
NET_CFLAGS=''
NET_LIBS=''
NONFREE_GRAPHICS_FALSE=''
NONFREE_GRAPHICS_TRUE='#'
OBJEXT='o'
PACKAGE='xdre'
PACKAGE_BUGREPORT=''
PACKAGE_NAME='xdre'
PACKAGE_STRING='xdre 2.17'
PACKAGE_TARNAME='xdre'
PACKAGE_URL=''
PACKAGE_VERSION='2.17'
PATH_SEPARATOR=':'
RANLIB='ranlib'
SDL_CFLAGS='-I/usr/include/SDL -D_GNU_SOURCE=1 -D_REENTRANT'
SDL_CONFIG='/usr/bin/sdl-config'
SDL_LIBS='-L/usr/lib/x86_64-linux-gnu -lSDL'
SET_MAKE=''
SHELL='/bin/bash'
STRIP=''
VERSION='2.17'
WAD_MMAP_FALSE='#'
WAD_MMAP_TRUE=''
WX_CFLAGS='-I/usr/local/lib/wx/include/gtk3-unicode-3.1 -I/usr/local/include/wx-3.1 -D_FILE_OFFSET_BITS=64 -DWXUSINGDLL -D__WXGTK__ -pthread'
WX_CFLAGS_ONLY='-pthread'
WX_CONFIG_PATH='/usr/local/bin/wx-config'
WX_CPPFLAGS='-I/usr/local/lib/wx/include/gtk3-unicode-3.1 -I/usr/local/include/wx-3.1 -D_FILE_OFFSET_BITS=64 -DWXUSINGDLL -D__WXGTK__'
WX_CXXFLAGS='-I/usr/local/lib/wx/include/gtk3-unicode-3.1 -I/usr/local/include/wx-3.1 -D_FILE_OFFSET_BITS=64 -DWXUSINGDLL -D__WXGTK__ -pthread'
WX_CXXFLAGS_ONLY=''
WX_LIBS='-L/usr/local/lib -pthread   -lwx_gtk3u_core-3.1 -lwx_baseu-3.1 '
WX_LIBS_STATIC=''
WX_RESCOMP=''
WX_VERSION='3.1.4'
WX_VERSION_MAJOR='3'
WX_VERSION_MICRO='4'
WX_VERSION_MINOR='1'
ac_ct_CC='gcc'
ac_ct_CXX='g++'
am__EXEEXT_FALSE=''
am__EXEEXT_TRUE='#'
am__fastdepCC_FALSE='#'
am__fastdepCC_TRUE=''
am__fastdepCXX_FALSE='#'
am__fastdepCXX_TRUE=''
am__include='include'
am__isrc=''
am__leading_dot='.'
am__nodep='_no'
am__quote=''
am__tar='$${TAR-tar} chof - "$$tardir"'
am__untar='$${TAR-tar} xf -'
bindir='${exec_prefix}/bin'
build='x86_64-pc-linux-gnu'
build_alias=''
build_cpu='x86_64'
build_os='linux-gnu'
build_vendor='pc'
datadir='${datarootdir}'
datarootdir='${prefix}/share'
docdir='${datarootdir}/doc/${PACKAGE_TARNAME}'
dvidir='${docdir}'
exec_prefix='${prefix}'
host='x86_64-pc-linux-gnu'
host_alias=''
host_cpu='x86_64'
host_os='linux-gnu'
host_vendor='pc'
htmldir='${docdir}'
includedir='${prefix}/include'
infodir='${datarootdir}/info'
install_sh='${SHELL} /home/alf/Documents/TAS/xdre-master/autotools/install-sh'
libdir='${exec_prefix}/lib'
libexecdir='${exec_prefix}/libexec'
localedir='${datarootdir}/locale'
localstatedir='${prefix}/var'
mandir='${datarootdir}/man'
mkdir_p='$(MKDIR_P)'
oldincludedir='/usr/include'
pdfdir='${docdir}'
prefix='/usr/local'
program_transform_name='s,x,x,'
psdir='${docdir}'
runstatedir='${localstatedir}/run'
sbindir='${exec_prefix}/sbin'
sharedstatedir='${prefix}/com'
subdirs=' src/prboom-plus'
sysconfdir='${prefix}/etc'
target='x86_64-pc-linux-gnu'
target_alias=''
target_cpu='x86_64'
target_os='linux-gnu'
target_vendor='pc'

## ----------- ##
## confdefs.h. ##
## ----------- ##

/* confdefs.h */
#define PACKAGE_NAME "xdre"
#define PACKAGE_TARNAME "xdre"
#define PACKAGE_VERSION "2.17"
#define PACKAGE_STRING "xdre 2.17"
#define PACKAGE_BUGREPORT ""
#define PACKAGE_URL ""
#define PACKAGE "xdre"
#define VERSION "2.17"
#define DOOMWADDIR "/usr/local/share/games/doom"
#define STDC_HEADERS 1
#define HAVE_SYS_TYPES_H 1
#define HAVE_SYS_STAT_H 1
#define HAVE_STDLIB_H 1
#define HAVE_STRING_H 1
#define HAVE_MEMORY_H 1
#define HAVE_STRINGS_H 1
#define HAVE_INTTYPES_H 1
#define HAVE_STDINT_H 1
#define HAVE_UNISTD_H 1
#define __EXTENSIONS__ 1
#define _ALL_SOURCE 1
#define _GNU_SOURCE 1
#define _POSIX_PTHREAD_SEMANTICS 1
#define _TANDEM_SOURCE 1
#define PACKEDATTR __attribute__((gcc_struct, packed))
#define HAVE_DECL_SYS_SIGLIST 1
#define HAVE_SYS_WAIT_H 1
#define HAVE_UNISTD_H 1
#define HAVE_ASM_BYTEORDER_H 1
#define HAVE_SCHED_H 1
#define stricmp strcasecmp
#define strnicmp strncasecmp
#define HAVE_GETOPT 1
#define HAVE_INET_ATON 1
#define HAVE_INET_PTON 1
#define HAVE_INET_NTOP 1
#define HAVE_MMAP 1
#define HAVE_USLEEP 1
#define HAVE_SCHED_SETAFFINITY 1
#define HAVE_LIBM 1
#define HAVE_SDL_JOYSTICKGETAXIS 1
#define HAVE_IPv6 1
#define HIGHRES 1
#define SIMPLECHECKS 1
#define ZONEIDCHECK 1
#define DOGS 1

configure: exit 0
