This file contains any messages produced by compilers while
running configure, to aid debugging if configure makes a mistake.

It was created by PrBoom-Plus configure 2.5.1.4, which was
generated by GNU Autoconf 2.69.  Invocation command line was

  $ ./configure --disable-option-checking --prefix=/usr/local --cache-file=/dev/null --srcdir=.

## --------- ##
## Platform. ##
## --------- ##

hostname = alf-VirtualBox
uname -m = x86_64
uname -r = 5.8.0-44-generic
uname -s = Linux
uname -v = #50~20.04.1-Ubuntu SMP Wed Feb 10 21:07:30 UTC 2021

/usr/bin/uname -p = x86_64
/bin/uname -X     = unknown

/bin/arch              = x86_64
/usr/bin/arch -k       = unknown
/usr/convex/getsysinfo = unknown
/usr/bin/hostinfo      = unknown
/bin/machine           = unknown
/usr/bin/oslevel       = unknown
/bin/universe          = unknown

PATH: /usr/local/sbin
PATH: /usr/local/bin
PATH: /usr/sbin
PATH: /usr/bin
PATH: /sbin
PATH: /bin
PATH: /usr/games
PATH: /usr/local/games
PATH: /snap/bin
PATH: /usr/bin/gcc
PATH: /usr/include/SDL
PATH: /usr/local/lib/wx/include/gtk3-unicode-3.1
PATH: /usr/bin/gcc


## ----------- ##
## Core tests. ##
## ----------- ##

configure:2382: checking build system type
configure:2396: result: x86_64-pc-linux-gnu
configure:2416: checking host system type
configure:2429: result: x86_64-pc-linux-gnu
configure:2449: checking target system type
configure:2462: result: x86_64-pc-linux-gnu
configure:2505: checking for a BSD-compatible install
configure:2573: result: /usr/bin/install -c
configure:2584: checking whether build environment is sane
configure:2639: result: yes
configure:2788: checking for a thread-safe mkdir -p
configure:2827: result: /usr/bin/mkdir -p
configure:2834: checking for gawk
configure:2864: result: no
configure:2834: checking for mawk
configure:2850: found /usr/bin/mawk
configure:2861: result: mawk
configure:2872: checking whether make sets $(MAKE)
configure:2894: result: yes
configure:2923: checking whether make supports nested variables
configure:2940: result: yes
configure:3077: checking whether make supports nested variables
configure:3094: result: yes
configure:3106: checking whether to enable maintainer-specific portions of Makefiles
configure:3115: result: yes
configure:3196: checking for gcc
configure:3212: found /usr/bin/gcc
configure:3223: result: gcc
configure:3452: checking for C compiler version
configure:3461: gcc --version >&5
gcc (Ubuntu 9.3.0-17ubuntu1~20.04) 9.3.0
Copyright (C) 2019 Free Software Foundation, Inc.
This is free software; see the source for copying conditions.  There is NO
warranty; not even for MERCHANTABILITY or FITNESS FOR A PARTICULAR PURPOSE.

configure:3472: $? = 0
configure:3461: gcc -v >&5
Using built-in specs.
COLLECT_GCC=gcc
COLLECT_LTO_WRAPPER=/usr/lib/gcc/x86_64-linux-gnu/9/lto-wrapper
OFFLOAD_TARGET_NAMES=nvptx-none:hsa
OFFLOAD_TARGET_DEFAULT=1
Target: x86_64-linux-gnu
Configured with: ../src/configure -v --with-pkgversion='Ubuntu 9.3.0-17ubuntu1~20.04' --with-bugurl=file:///usr/share/doc/gcc-9/README.Bugs --enable-languages=c,ada,c++,go,brig,d,fortran,objc,obj-c++,gm2 --prefix=/usr --with-gcc-major-version-only --program-suffix=-9 --program-prefix=x86_64-linux-gnu- --enable-shared --enable-linker-build-id --libexecdir=/usr/lib --without-included-gettext --enable-threads=posix --libdir=/usr/lib --enable-nls --enable-clocale=gnu --enable-libstdcxx-debug --enable-libstdcxx-time=yes --with-default-libstdcxx-abi=new --enable-gnu-unique-object --disable-vtable-verify --enable-plugin --enable-default-pie --with-system-zlib --with-target-system-zlib=auto --enable-objc-gc=auto --enable-multiarch --disable-werror --with-arch-32=i686 --with-abi=m64 --with-multilib-list=m32,m64,mx32 --enable-multilib --with-tune=generic --enable-offload-targets=nvptx-none=/build/gcc-9-HskZEa/gcc-9-9.3.0/debian/tmp-nvptx/usr,hsa --without-cuda-driver --enable-checking=release --build=x86_64-linux-gnu --host=x86_64-linux-gnu --target=x86_64-linux-gnu
Thread model: posix
gcc version 9.3.0 (Ubuntu 9.3.0-17ubuntu1~20.04) 
configure:3472: $? = 0
configure:3461: gcc -V >&5
gcc: error: unrecognized command line option '-V'
gcc: fatal error: no input files
compilation terminated.
configure:3472: $? = 1
configure:3461: gcc -qversion >&5
gcc: error: unrecognized command line option '-qversion'; did you mean '--version'?
gcc: fatal error: no input files
compilation terminated.
configure:3472: $? = 1
configure:3492: checking whether the C compiler works
configure:3514: gcc    conftest.c  >&5
configure:3518: $? = 0
configure:3566: result: yes
configure:3569: checking for C compiler default output file name
configure:3571: result: a.out
configure:3577: checking for suffix of executables
configure:3584: gcc -o conftest    conftest.c  >&5
configure:3588: $? = 0
configure:3610: result: 
configure:3632: checking whether we are cross compiling
configure:3640: gcc -o conftest    conftest.c  >&5
configure:3644: $? = 0
configure:3651: ./conftest
configure:3655: $? = 0
configure:3643: result: no
configure:3648: checking for suffix of object files
configure:3670: gcc -c   conftest.c >&5
configure:3674: $? = 0
configure:3695: result: o
configure:3699: checking whether we are using the GNU C compiler
configure:3718: gcc -c   conftest.c >&5
configure:3718: $? = 0
configure:3727: result: yes
configure:3736: checking whether gcc accepts -g
configure:3756: gcc -c -g  conftest.c >&5
configure:3756: $? = 0
configure:3797: result: yes
configure:3814: checking for gcc option to accept ISO C89
configure:3877: gcc  -c -g -O2  conftest.c >&5
configure:3877: $? = 0
configure:3890: result: none needed
configure:3915: checking whether gcc understands -c and -o together
configure:3937: gcc -c conftest.c -o conftest2.o
configure:3940: $? = 0
configure:3937: gcc -c conftest.c -o conftest2.o
configure:3940: $? = 0
configure:3952: result: yes
configure:3972: checking whether make supports the include directive
configure:3987: make -f confmf.GNU && cat confinc.out
this is the am__doit target
configure:3990: $? = 0
configure:4009: result: yes (GNU style)
configure:4034: checking dependency style of gcc
configure:4145: result: gcc3
configure:4160: checking whether ln -s works
configure:4164: result: yes
configure:4214: checking for ranlib
configure:4230: found /usr/bin/ranlib
configure:4241: result: ranlib
configure:4269: checking how to run the C preprocessor
configure:4300: gcc -E  conftest.c
configure:4300: $? = 0
configure:4314: gcc -E  conftest.c
conftest.c:12:10: fatal error: ac_nonexistent.h: No such file or directory
   12 | #include <ac_nonexistent.h>
      |          ^~~~~~~~~~~~~~~~~~
compilation terminated.
configure:4314: $? = 1
configure: failed program was:
| /* confdefs.h */
| #define PACKAGE_NAME "PrBoom-Plus"
| #define PACKAGE_TARNAME "prboom-plus"
| #define PACKAGE_VERSION "2.5.1.4"
| #define PACKAGE_STRING "PrBoom-Plus 2.5.1.4"
| #define PACKAGE_BUGREPORT ""
| #define PACKAGE_URL ""
| #define PACKAGE "prboom-plus"
| #define VERSION "2.5.1.4"
| #define DOOMWADDIR "/usr/local/share/games/doom"
| /* end confdefs.h.  */
| #include <ac_nonexistent.h>
configure:4339: result: gcc -E
configure:4359: gcc -E  conftest.c
configure:4359: $? = 0
configure:4373: gcc -E  conftest.c
conftest.c:12:10: fatal error: ac_nonexistent.h: No such file or directory
   12 | #include <ac_nonexistent.h>
      |          ^~~~~~~~~~~~~~~~~~
compilation terminated.
configure:4373: $? = 1
configure: failed program was:
| /* confdefs.h */
| #define PACKAGE_NAME "PrBoom-Plus"
| #define PACKAGE_TARNAME "prboom-plus"
| #define PACKAGE_VERSION "2.5.1.4"
| #define PACKAGE_STRING "PrBoom-Plus 2.5.1.4"
| #define PACKAGE_BUGREPORT ""
| #define PACKAGE_URL ""
| #define PACKAGE "prboom-plus"
| #define VERSION "2.5.1.4"
| #define DOOMWADDIR "/usr/local/share/games/doom"
| /* end confdefs.h.  */
| #include <ac_nonexistent.h>
configure:4402: checking for grep that handles long lines and -e
configure:4460: result: /usr/bin/grep
configure:4465: checking for egrep
configure:4527: result: /usr/bin/grep -E
configure:4532: checking for ANSI C header files
configure:4552: gcc -c -g -O2  conftest.c >&5
configure:4552: $? = 0
configure:4625: gcc -o conftest -g -O2   conftest.c  >&5
configure:4625: $? = 0
configure:4625: ./conftest
configure:4625: $? = 0
configure:4636: result: yes
configure:4649: checking for sys/types.h
configure:4649: gcc -c -g -O2  conftest.c >&5
configure:4649: $? = 0
configure:4649: result: yes
configure:4649: checking for sys/stat.h
configure:4649: gcc -c -g -O2  conftest.c >&5
configure:4649: $? = 0
configure:4649: result: yes
configure:4649: checking for stdlib.h
configure:4649: gcc -c -g -O2  conftest.c >&5
configure:4649: $? = 0
configure:4649: result: yes
configure:4649: checking for string.h
configure:4649: gcc -c -g -O2  conftest.c >&5
configure:4649: $? = 0
configure:4649: result: yes
configure:4649: checking for memory.h
configure:4649: gcc -c -g -O2  conftest.c >&5
configure:4649: $? = 0
configure:4649: result: yes
configure:4649: checking for strings.h
configure:4649: gcc -c -g -O2  conftest.c >&5
configure:4649: $? = 0
configure:4649: result: yes
configure:4649: checking for inttypes.h
configure:4649: gcc -c -g -O2  conftest.c >&5
configure:4649: $? = 0
configure:4649: result: yes
configure:4649: checking for stdint.h
configure:4649: gcc -c -g -O2  conftest.c >&5
configure:4649: $? = 0
configure:4649: result: yes
configure:4649: checking for unistd.h
configure:4649: gcc -c -g -O2  conftest.c >&5
configure:4649: $? = 0
configure:4649: result: yes
configure:4662: checking minix/config.h usability
configure:4662: gcc -c -g -O2  conftest.c >&5
conftest.c:55:10: fatal error: minix/config.h: No such file or directory
   55 | #include <minix/config.h>
      |          ^~~~~~~~~~~~~~~~
compilation terminated.
configure:4662: $? = 1
configure: failed program was:
| /* confdefs.h */
| #define PACKAGE_NAME "PrBoom-Plus"
| #define PACKAGE_TARNAME "prboom-plus"
| #define PACKAGE_VERSION "2.5.1.4"
| #define PACKAGE_STRING "PrBoom-Plus 2.5.1.4"
| #define PACKAGE_BUGREPORT ""
| #define PACKAGE_URL ""
| #define PACKAGE "prboom-plus"
| #define VERSION "2.5.1.4"
| #define DOOMWADDIR "/usr/local/share/games/doom"
| #define STDC_HEADERS 1
| #define HAVE_SYS_TYPES_H 1
| #define HAVE_SYS_STAT_H 1
| #define HAVE_STDLIB_H 1
| #define HAVE_STRING_H 1
| #define HAVE_MEMORY_H 1
| #define HAVE_STRINGS_H 1
| #define HAVE_INTTYPES_H 1
| #define HAVE_STDINT_H 1
| #define HAVE_UNISTD_H 1
| /* end confdefs.h.  */
| #include <stdio.h>
| #ifdef HAVE_SYS_TYPES_H
| # include <sys/types.h>
| #endif
| #ifdef HAVE_SYS_STAT_H
| # include <sys/stat.h>
| #endif
| #ifdef STDC_HEADERS
| # include <stdlib.h>
| # include <stddef.h>
| #else
| # ifdef HAVE_STDLIB_H
| #  include <stdlib.h>
| # endif
| #endif
| #ifdef HAVE_STRING_H
| # if !defined STDC_HEADERS && defined HAVE_MEMORY_H
| #  include <memory.h>
| # endif
| # include <string.h>
| #endif
| #ifdef HAVE_STRINGS_H
| # include <strings.h>
| #endif
| #ifdef HAVE_INTTYPES_H
| # include <inttypes.h>
| #endif
| #ifdef HAVE_STDINT_H
| # include <stdint.h>
| #endif
| #ifdef HAVE_UNISTD_H
| # include <unistd.h>
| #endif
| #include <minix/config.h>
configure:4662: result: no
configure:4662: checking minix/config.h presence
configure:4662: gcc -E  conftest.c
conftest.c:22:10: fatal error: minix/config.h: No such file or directory
   22 | #include <minix/config.h>
      |          ^~~~~~~~~~~~~~~~
compilation terminated.
configure:4662: $? = 1
configure: failed program was:
| /* confdefs.h */
| #define PACKAGE_NAME "PrBoom-Plus"
| #define PACKAGE_TARNAME "prboom-plus"
| #define PACKAGE_VERSION "2.5.1.4"
| #define PACKAGE_STRING "PrBoom-Plus 2.5.1.4"
| #define PACKAGE_BUGREPORT ""
| #define PACKAGE_URL ""
| #define PACKAGE "prboom-plus"
| #define VERSION "2.5.1.4"
| #define DOOMWADDIR "/usr/local/share/games/doom"
| #define STDC_HEADERS 1
| #define HAVE_SYS_TYPES_H 1
| #define HAVE_SYS_STAT_H 1
| #define HAVE_STDLIB_H 1
| #define HAVE_STRING_H 1
| #define HAVE_MEMORY_H 1
| #define HAVE_STRINGS_H 1
| #define HAVE_INTTYPES_H 1
| #define HAVE_STDINT_H 1
| #define HAVE_UNISTD_H 1
| /* end confdefs.h.  */
| #include <minix/config.h>
configure:4662: result: no
configure:4662: checking for minix/config.h
configure:4662: result: no
configure:4683: checking whether it is safe to define __EXTENSIONS__
configure:4701: gcc -c -g -O2  conftest.c >&5
configure:4701: $? = 0
configure:4708: result: yes
configure:4742: checking whether compiler supports -Wall
configure:4758: gcc -c -g -O2 -Wall  conftest.c >&5
conftest.c:33:8: warning: 'f' defined but not used [-Wunused-function]
   33 |   void f() {};
      |        ^
configure:4758: $? = 0
configure:4761: result: yes
configure:4742: checking whether compiler supports -Wextra
configure:4758: gcc -c -g -O2 -Wall -Wextra  conftest.c >&5
conftest.c:33:8: warning: 'f' defined but not used [-Wunused-function]
   33 |   void f() {};
      |        ^
configure:4758: $? = 0
configure:4761: result: yes
configure:4742: checking whether compiler supports -Wno-missing-field-initializers
configure:4758: gcc -c -g -O2 -Wall -Wextra -Wno-missing-field-initializers  conftest.c >&5
conftest.c:33:8: warning: 'f' defined but not used [-Wunused-function]
   33 |   void f() {};
      |        ^
configure:4758: $? = 0
configure:4761: result: yes
configure:4742: checking whether compiler supports -Wwrite-strings
configure:4758: gcc -c -g -O2 -Wall -Wextra -Wno-missing-field-initializers -Wwrite-strings  conftest.c >&5
conftest.c:33:8: warning: 'f' defined but not used [-Wunused-function]
   33 |   void f() {};
      |        ^
configure:4758: $? = 0
configure:4761: result: yes
configure:4742: checking whether compiler supports -Wundef
configure:4758: gcc -c -g -O2 -Wall -Wextra -Wno-missing-field-initializers -Wwrite-strings -Wundef  conftest.c >&5
conftest.c:33:8: warning: 'f' defined but not used [-Wunused-function]
   33 |   void f() {};
      |        ^
configure:4758: $? = 0
configure:4761: result: yes
configure:4742: checking whether compiler supports -Wbad-function-cast
configure:4758: gcc -c -g -O2 -Wall -Wextra -Wno-missing-field-initializers -Wwrite-strings -Wundef -Wbad-function-cast  conftest.c >&5
conftest.c:33:8: warning: 'f' defined but not used [-Wunused-function]
   33 |   void f() {};
      |        ^
configure:4758: $? = 0
configure:4761: result: yes
configure:4742: checking whether compiler supports -Wcast-align
configure:4758: gcc -c -g -O2 -Wall -Wextra -Wno-missing-field-initializers -Wwrite-strings -Wundef -Wbad-function-cast -Wcast-align  conftest.c >&5
conftest.c:33:8: warning: 'f' defined but not used [-Wunused-function]
   33 |   void f() {};
      |        ^
configure:4758: $? = 0
configure:4761: result: yes
configure:4742: checking whether compiler supports -Wcast-qual
configure:4758: gcc -c -g -O2 -Wall -Wextra -Wno-missing-field-initializers -Wwrite-strings -Wundef -Wbad-function-cast -Wcast-align -Wcast-qual  conftest.c >&5
conftest.c:33:8: warning: 'f' defined but not used [-Wunused-function]
   33 |   void f() {};
      |        ^
configure:4758: $? = 0
configure:4761: result: yes
configure:4742: checking whether compiler supports -Wdeclaration-after-statement
configure:4758: gcc -c -g -O2 -Wall -Wextra -Wno-missing-field-initializers -Wwrite-strings -Wundef -Wbad-function-cast -Wcast-align -Wcast-qual -Wdeclaration-after-statement  conftest.c >&5
conftest.c:33:8: warning: 'f' defined but not used [-Wunused-function]
   33 |   void f() {};
      |        ^
configure:4758: $? = 0
configure:4761: result: yes
configure:4742: checking whether compiler supports -Wpointer-arith
configure:4758: gcc -c -g -O2 -Wall -Wextra -Wno-missing-field-initializers -Wwrite-strings -Wundef -Wbad-function-cast -Wcast-align -Wcast-qual -Wdeclaration-after-statement -Wpointer-arith  conftest.c >&5
conftest.c:33:8: warning: 'f' defined but not used [-Wunused-function]
   33 |   void f() {};
      |        ^
configure:4758: $? = 0
configure:4761: result: yes
configure:4742: checking whether compiler supports -ffast-math
configure:4758: gcc -c -g -O2 -Wall -Wextra -Wno-missing-field-initializers -Wwrite-strings -Wundef -Wbad-function-cast -Wcast-align -Wcast-qual -Wdeclaration-after-statement -Wpointer-arith -ffast-math  conftest.c >&5
conftest.c:33:8: warning: 'f' defined but not used [-Wunused-function]
   33 |   void f() {};
      |        ^
configure:4758: $? = 0
configure:4761: result: yes
configure:4785: checking whether compiler supports -Wno-unused
configure:4801: gcc -c -g -O2 -Wall -Wextra -Wno-missing-field-initializers -Wwrite-strings -Wundef -Wbad-function-cast -Wcast-align -Wcast-qual -Wdeclaration-after-statement -Wpointer-arith -ffast-math -Wno-unused  conftest.c >&5
configure:4801: $? = 0
configure:4804: result: yes
configure:4785: checking whether compiler supports -Wno-switch
configure:4801: gcc -c -g -O2 -Wall -Wextra -Wno-missing-field-initializers -Wwrite-strings -Wundef -Wbad-function-cast -Wcast-align -Wcast-qual -Wdeclaration-after-statement -Wpointer-arith -ffast-math -Wno-unused -Wno-switch  conftest.c >&5
configure:4801: $? = 0
configure:4804: result: yes
configure:4785: checking whether compiler supports -Wno-sign-compare
configure:4801: gcc -c -g -O2 -Wall -Wextra -Wno-missing-field-initializers -Wwrite-strings -Wundef -Wbad-function-cast -Wcast-align -Wcast-qual -Wdeclaration-after-statement -Wpointer-arith -ffast-math -Wno-unused -Wno-switch -Wno-sign-compare  conftest.c >&5
configure:4801: $? = 0
configure:4804: result: yes
configure:4785: checking whether compiler supports -Wno-pointer-sign
configure:4801: gcc -c -g -O2 -Wall -Wextra -Wno-missing-field-initializers -Wwrite-strings -Wundef -Wbad-function-cast -Wcast-align -Wcast-qual -Wdeclaration-after-statement -Wpointer-arith -ffast-math -Wno-unused -Wno-switch -Wno-sign-compare -Wno-pointer-sign  conftest.c >&5
configure:4801: $? = 0
configure:4804: result: yes
configure:4875: checking if malloc debugging is wanted
configure:4893: result: no
configure:4907: checking whether compiler supports -march=native
configure:4924: gcc -c -g -O2 -Wall -Wextra -Wno-missing-field-initializers -Wwrite-strings -Wundef -Wbad-function-cast -Wcast-align -Wcast-qual -Wdeclaration-after-statement -Wpointer-arith -ffast-math -Wno-unused -Wno-switch -Wno-sign-compare -Wno-pointer-sign -march=native  conftest.c >&5
configure:4924: $? = 0
configure:4926: result: yes
configure:4989: checking whether compiler supports -O2
configure:5005: gcc -c -g -O2 -Wall -Wextra -Wno-missing-field-initializers -Wwrite-strings -Wundef -Wbad-function-cast -Wcast-align -Wcast-qual -Wdeclaration-after-statement -Wpointer-arith -ffast-math -Wno-unused -Wno-switch -Wno-sign-compare -Wno-pointer-sign -march=native -O2  conftest.c >&5
configure:5005: $? = 0
configure:5008: result: yes
configure:4989: checking whether compiler supports -fomit-frame-pointer
configure:5005: gcc -c -g -O2 -Wall -Wextra -Wno-missing-field-initializers -Wwrite-strings -Wundef -Wbad-function-cast -Wcast-align -Wcast-qual -Wdeclaration-after-statement -Wpointer-arith -ffast-math -Wno-unused -Wno-switch -Wno-sign-compare -Wno-pointer-sign -march=native -O2 -fomit-frame-pointer  conftest.c >&5
configure:5005: $? = 0
configure:5008: result: yes
configure:5021: checking for an ANSI C-conforming const
configure:5087: gcc -c -g -O2 -Wall -Wextra -Wno-missing-field-initializers -Wwrite-strings -Wundef -Wbad-function-cast -Wcast-align -Wcast-qual -Wdeclaration-after-statement -Wpointer-arith -ffast-math -Wno-unused -Wno-switch -Wno-sign-compare -Wno-pointer-sign -march=native -O2 -fomit-frame-pointer -I$(top_srcdir)/src  conftest.c >&5
conftest.c: In function 'main':
conftest.c:51:9: warning: cast discards 'const' qualifier from pointer target type [-Wcast-qual]
   51 |   ppc = (char**) pcpcc;
      |         ^
configure:5087: $? = 0
configure:5094: result: yes
configure:5102: checking for inline
configure:5118: gcc -c -g -O2 -Wall -Wextra -Wno-missing-field-initializers -Wwrite-strings -Wundef -Wbad-function-cast -Wcast-align -Wcast-qual -Wdeclaration-after-statement -Wpointer-arith -ffast-math -Wno-unused -Wno-switch -Wno-sign-compare -Wno-pointer-sign -march=native -O2 -fomit-frame-pointer -I$(top_srcdir)/src  conftest.c >&5
configure:5118: $? = 0
configure:5126: result: inline
configure:5145: checking whether byte ordering is bigendian
configure:5160: gcc -c -g -O2 -Wall -Wextra -Wno-missing-field-initializers -Wwrite-strings -Wundef -Wbad-function-cast -Wcast-align -Wcast-qual -Wdeclaration-after-statement -Wpointer-arith -ffast-math -Wno-unused -Wno-switch -Wno-sign-compare -Wno-pointer-sign -march=native -O2 -fomit-frame-pointer -I$(top_srcdir)/src  conftest.c >&5
conftest.c:29:9: error: unknown type name 'not'
   29 |         not a universal capable compiler
      |         ^~~
conftest.c:29:15: error: expected '=', ',', ';', 'asm' or '__attribute__' before 'universal'
   29 |         not a universal capable compiler
      |               ^~~~~~~~~
conftest.c:29:15: error: unknown type name 'universal'
configure:5160: $? = 1
configure: failed program was:
| /* confdefs.h */
| #define PACKAGE_NAME "PrBoom-Plus"
| #define PACKAGE_TARNAME "prboom-plus"
| #define PACKAGE_VERSION "2.5.1.4"
| #define PACKAGE_STRING "PrBoom-Plus 2.5.1.4"
| #define PACKAGE_BUGREPORT ""
| #define PACKAGE_URL ""
| #define PACKAGE "prboom-plus"
| #define VERSION "2.5.1.4"
| #define DOOMWADDIR "/usr/local/share/games/doom"
| #define STDC_HEADERS 1
| #define HAVE_SYS_TYPES_H 1
| #define HAVE_SYS_STAT_H 1
| #define HAVE_STDLIB_H 1
| #define HAVE_STRING_H 1
| #define HAVE_MEMORY_H 1
| #define HAVE_STRINGS_H 1
| #define HAVE_INTTYPES_H 1
| #define HAVE_STDINT_H 1
| #define HAVE_UNISTD_H 1
| #define __EXTENSIONS__ 1
| #define _ALL_SOURCE 1
| #define _GNU_SOURCE 1
| #define _POSIX_PTHREAD_SEMANTICS 1
| #define _TANDEM_SOURCE 1
| #define PACKEDATTR __attribute__((gcc_struct, packed))
| /* end confdefs.h.  */
| #ifndef __APPLE_CC__
| 	       not a universal capable compiler
| 	     #endif
| 	     typedef int dummy;
| 
configure:5205: gcc -c -g -O2 -Wall -Wextra -Wno-missing-field-initializers -Wwrite-strings -Wundef -Wbad-function-cast -Wcast-align -Wcast-qual -Wdeclaration-after-statement -Wpointer-arith -ffast-math -Wno-unused -Wno-switch -Wno-sign-compare -Wno-pointer-sign -march=native -O2 -fomit-frame-pointer -I$(top_srcdir)/src  conftest.c >&5
configure:5205: $? = 0
configure:5223: gcc -c -g -O2 -Wall -Wextra -Wno-missing-field-initializers -Wwrite-strings -Wundef -Wbad-function-cast -Wcast-align -Wcast-qual -Wdeclaration-after-statement -Wpointer-arith -ffast-math -Wno-unused -Wno-switch -Wno-sign-compare -Wno-pointer-sign -march=native -O2 -fomit-frame-pointer -I$(top_srcdir)/src  conftest.c >&5
conftest.c: In function 'main':
conftest.c:35:4: error: unknown type name 'not'; did you mean 'ino_t'?
   35 |    not big endian
      |    ^~~
      |    ino_t
conftest.c:35:12: error: expected '=', ',', ';', 'asm' or '__attribute__' before 'endian'
   35 |    not big endian
      |            ^~~~~~
configure:5223: $? = 1
configure: failed program was:
| /* confdefs.h */
| #define PACKAGE_NAME "PrBoom-Plus"
| #define PACKAGE_TARNAME "prboom-plus"
| #define PACKAGE_VERSION "2.5.1.4"
| #define PACKAGE_STRING "PrBoom-Plus 2.5.1.4"
| #define PACKAGE_BUGREPORT ""
| #define PACKAGE_URL ""
| #define PACKAGE "prboom-plus"
| #define VERSION "2.5.1.4"
| #define DOOMWADDIR "/usr/local/share/games/doom"
| #define STDC_HEADERS 1
| #define HAVE_SYS_TYPES_H 1
| #define HAVE_SYS_STAT_H 1
| #define HAVE_STDLIB_H 1
| #define HAVE_STRING_H 1
| #define HAVE_MEMORY_H 1
| #define HAVE_STRINGS_H 1
| #define HAVE_INTTYPES_H 1
| #define HAVE_STDINT_H 1
| #define HAVE_UNISTD_H 1
| #define __EXTENSIONS__ 1
| #define _ALL_SOURCE 1
| #define _GNU_SOURCE 1
| #define _POSIX_PTHREAD_SEMANTICS 1
| #define _TANDEM_SOURCE 1
| #define PACKEDATTR __attribute__((gcc_struct, packed))
| /* end confdefs.h.  */
| #include <sys/types.h>
| 		#include <sys/param.h>
| 
| int
| main ()
| {
| #if BYTE_ORDER != BIG_ENDIAN
| 		 not big endian
| 		#endif
| 
|   ;
|   return 0;
| }
configure:5351: result: no
configure:5371: checking for uid_t in sys/types.h
configure:5390: result: yes
configure:5401: checking for size_t
configure:5401: gcc -c -g -O2 -Wall -Wextra -Wno-missing-field-initializers -Wwrite-strings -Wundef -Wbad-function-cast -Wcast-align -Wcast-qual -Wdeclaration-after-statement -Wpointer-arith -ffast-math -Wno-unused -Wno-switch -Wno-sign-compare -Wno-pointer-sign -march=native -O2 -fomit-frame-pointer -I$(top_srcdir)/src  conftest.c >&5
configure:5401: $? = 0
configure:5401: gcc -c -g -O2 -Wall -Wextra -Wno-missing-field-initializers -Wwrite-strings -Wundef -Wbad-function-cast -Wcast-align -Wcast-qual -Wdeclaration-after-statement -Wpointer-arith -ffast-math -Wno-unused -Wno-switch -Wno-sign-compare -Wno-pointer-sign -march=native -O2 -fomit-frame-pointer -I$(top_srcdir)/src  conftest.c >&5
conftest.c: In function 'main':
conftest.c:64:21: error: expected expression before ')' token
   64 | if (sizeof ((size_t)))
      |                     ^
configure:5401: $? = 1
configure: failed program was:
| /* confdefs.h */
| #define PACKAGE_NAME "PrBoom-Plus"
| #define PACKAGE_TARNAME "prboom-plus"
| #define PACKAGE_VERSION "2.5.1.4"
| #define PACKAGE_STRING "PrBoom-Plus 2.5.1.4"
| #define PACKAGE_BUGREPORT ""
| #define PACKAGE_URL ""
| #define PACKAGE "prboom-plus"
| #define VERSION "2.5.1.4"
| #define DOOMWADDIR "/usr/local/share/games/doom"
| #define STDC_HEADERS 1
| #define HAVE_SYS_TYPES_H 1
| #define HAVE_SYS_STAT_H 1
| #define HAVE_STDLIB_H 1
| #define HAVE_STRING_H 1
| #define HAVE_MEMORY_H 1
| #define HAVE_STRINGS_H 1
| #define HAVE_INTTYPES_H 1
| #define HAVE_STDINT_H 1
| #define HAVE_UNISTD_H 1
| #define __EXTENSIONS__ 1
| #define _ALL_SOURCE 1
| #define _GNU_SOURCE 1
| #define _POSIX_PTHREAD_SEMANTICS 1
| #define _TANDEM_SOURCE 1
| #define PACKEDATTR __attribute__((gcc_struct, packed))
| /* end confdefs.h.  */
| #include <stdio.h>
| #ifdef HAVE_SYS_TYPES_H
| # include <sys/types.h>
| #endif
| #ifdef HAVE_SYS_STAT_H
| # include <sys/stat.h>
| #endif
| #ifdef STDC_HEADERS
| # include <stdlib.h>
| # include <stddef.h>
| #else
| # ifdef HAVE_STDLIB_H
| #  include <stdlib.h>
| # endif
| #endif
| #ifdef HAVE_STRING_H
| # if !defined STDC_HEADERS && defined HAVE_MEMORY_H
| #  include <memory.h>
| # endif
| # include <string.h>
| #endif
| #ifdef HAVE_STRINGS_H
| # include <strings.h>
| #endif
| #ifdef HAVE_INTTYPES_H
| # include <inttypes.h>
| #endif
| #ifdef HAVE_STDINT_H
| # include <stdint.h>
| #endif
| #ifdef HAVE_UNISTD_H
| # include <unistd.h>
| #endif
| int
| main ()
| {
| if (sizeof ((size_t)))
| 	    return 0;
|   ;
|   return 0;
| }
configure:5401: result: yes
configure:5412: checking whether sys_siglist is declared
configure:5412: gcc -c -g -O2 -Wall -Wextra -Wno-missing-field-initializers -Wwrite-strings -Wundef -Wbad-function-cast -Wcast-align -Wcast-qual -Wdeclaration-after-statement -Wpointer-arith -ffast-math -Wno-unused -Wno-switch -Wno-sign-compare -Wno-pointer-sign -march=native -O2 -fomit-frame-pointer -I$(top_srcdir)/src  conftest.c >&5
configure:5412: $? = 0
configure:5412: result: yes
configure:5430: checking for sys/wait.h that is POSIX.1 compatible
configure:5456: gcc -c -g -O2 -Wall -Wextra -Wno-missing-field-initializers -Wwrite-strings -Wundef -Wbad-function-cast -Wcast-align -Wcast-qual -Wdeclaration-after-statement -Wpointer-arith -ffast-math -Wno-unused -Wno-switch -Wno-sign-compare -Wno-pointer-sign -march=native -O2 -fomit-frame-pointer -I$(top_srcdir)/src  conftest.c >&5
configure:5456: $? = 0
configure:5463: result: yes
configure:5474: checking for unistd.h
configure:5474: result: yes
configure:5474: checking asm/byteorder.h usability
configure:5474: gcc -c -g -O2 -Wall -Wextra -Wno-missing-field-initializers -Wwrite-strings -Wundef -Wbad-function-cast -Wcast-align -Wcast-qual -Wdeclaration-after-statement -Wpointer-arith -ffast-math -Wno-unused -Wno-switch -Wno-sign-compare -Wno-pointer-sign -march=native -O2 -fomit-frame-pointer -I$(top_srcdir)/src  conftest.c >&5
configure:5474: $? = 0
configure:5474: result: yes
configure:5474: checking asm/byteorder.h presence
configure:5474: gcc -E  conftest.c
configure:5474: $? = 0
configure:5474: result: yes
configure:5474: checking for asm/byteorder.h
configure:5474: result: yes
configure:5474: checking sched.h usability
configure:5474: gcc -c -g -O2 -Wall -Wextra -Wno-missing-field-initializers -Wwrite-strings -Wundef -Wbad-function-cast -Wcast-align -Wcast-qual -Wdeclaration-after-statement -Wpointer-arith -ffast-math -Wno-unused -Wno-switch -Wno-sign-compare -Wno-pointer-sign -march=native -O2 -fomit-frame-pointer -I$(top_srcdir)/src  conftest.c >&5
configure:5474: $? = 0
configure:5474: result: yes
configure:5474: checking sched.h presence
configure:5474: gcc -E  conftest.c
configure:5474: $? = 0
configure:5474: result: yes
configure:5474: checking for sched.h
configure:5474: result: yes
configure:5485: checking for stricmp
configure:5485: gcc -o conftest -g -O2 -Wall -Wextra -Wno-missing-field-initializers -Wwrite-strings -Wundef -Wbad-function-cast -Wcast-align -Wcast-qual -Wdeclaration-after-statement -Wpointer-arith -ffast-math -Wno-unused -Wno-switch -Wno-sign-compare -Wno-pointer-sign -march=native -O2 -fomit-frame-pointer -I$(top_srcdir)/src   conftest.c  >&5
/usr/bin/ld: /tmp/cc6eEPwX.o: in function `main':
/home/alf/Documents/TAS/xdre-master/src/prboom-plus/conftest.c:67: undefined reference to `stricmp'
collect2: error: ld returned 1 exit status
configure:5485: $? = 1
configure: failed program was:
| /* confdefs.h */
| #define PACKAGE_NAME "PrBoom-Plus"
| #define PACKAGE_TARNAME "prboom-plus"
| #define PACKAGE_VERSION "2.5.1.4"
| #define PACKAGE_STRING "PrBoom-Plus 2.5.1.4"
| #define PACKAGE_BUGREPORT ""
| #define PACKAGE_URL ""
| #define PACKAGE "prboom-plus"
| #define VERSION "2.5.1.4"
| #define DOOMWADDIR "/usr/local/share/games/doom"
| #define STDC_HEADERS 1
| #define HAVE_SYS_TYPES_H 1
| #define HAVE_SYS_STAT_H 1
| #define HAVE_STDLIB_H 1
| #define HAVE_STRING_H 1
| #define HAVE_MEMORY_H 1
| #define HAVE_STRINGS_H 1
| #define HAVE_INTTYPES_H 1
| #define HAVE_STDINT_H 1
| #define HAVE_UNISTD_H 1
| #define __EXTENSIONS__ 1
| #define _ALL_SOURCE 1
| #define _GNU_SOURCE 1
| #define _POSIX_PTHREAD_SEMANTICS 1
| #define _TANDEM_SOURCE 1
| #define PACKEDATTR __attribute__((gcc_struct, packed))
| #define HAVE_DECL_SYS_SIGLIST 1
| #define HAVE_SYS_WAIT_H 1
| #define HAVE_UNISTD_H 1
| #define HAVE_ASM_BYTEORDER_H 1
| #define HAVE_SCHED_H 1
| /* end confdefs.h.  */
| /* Define stricmp to an innocuous variant, in case <limits.h> declares stricmp.
|    For example, HP-UX 11i <limits.h> declares gettimeofday.  */
| #define stricmp innocuous_stricmp
| 
| /* System header to define __stub macros and hopefully few prototypes,
|     which can conflict with char stricmp (); below.
|     Prefer <limits.h> to <assert.h> if __STDC__ is defined, since
|     <limits.h> exists even on freestanding compilers.  */
| 
| #ifdef __STDC__
| # include <limits.h>
| #else
| # include <assert.h>
| #endif
| 
| #undef stricmp
| 
| /* Override any GCC internal prototype to avoid an error.
|    Use char because int might match the return type of a GCC
|    builtin and then its argument prototype would still apply.  */
| #ifdef __cplusplus
| extern "C"
| #endif
| char stricmp ();
| /* The GNU C library defines this for functions which it implements
|     to always fail with ENOSYS.  Some functions are actually named
|     something starting with __ and the normal name is an alias.  */
| #if defined __stub_stricmp || defined __stub___stricmp
| choke me
| #endif
| 
| int
| main ()
| {
| return stricmp ();
|   ;
|   return 0;
| }
configure:5485: result: no
configure:5494: checking for strnicmp
configure:5494: gcc -o conftest -g -O2 -Wall -Wextra -Wno-missing-field-initializers -Wwrite-strings -Wundef -Wbad-function-cast -Wcast-align -Wcast-qual -Wdeclaration-after-statement -Wpointer-arith -ffast-math -Wno-unused -Wno-switch -Wno-sign-compare -Wno-pointer-sign -march=native -O2 -fomit-frame-pointer -I$(top_srcdir)/src   conftest.c  >&5
/usr/bin/ld: /tmp/ccJdjx21.o: in function `main':
/home/alf/Documents/TAS/xdre-master/src/prboom-plus/conftest.c:68: undefined reference to `strnicmp'
collect2: error: ld returned 1 exit status
configure:5494: $? = 1
configure: failed program was:
| /* confdefs.h */
| #define PACKAGE_NAME "PrBoom-Plus"
| #define PACKAGE_TARNAME "prboom-plus"
| #define PACKAGE_VERSION "2.5.1.4"
| #define PACKAGE_STRING "PrBoom-Plus 2.5.1.4"
| #define PACKAGE_BUGREPORT ""
| #define PACKAGE_URL ""
| #define PACKAGE "prboom-plus"
| #define VERSION "2.5.1.4"
| #define DOOMWADDIR "/usr/local/share/games/doom"
| #define STDC_HEADERS 1
| #define HAVE_SYS_TYPES_H 1
| #define HAVE_SYS_STAT_H 1
| #define HAVE_STDLIB_H 1
| #define HAVE_STRING_H 1
| #define HAVE_MEMORY_H 1
| #define HAVE_STRINGS_H 1
| #define HAVE_INTTYPES_H 1
| #define HAVE_STDINT_H 1
| #define HAVE_UNISTD_H 1
| #define __EXTENSIONS__ 1
| #define _ALL_SOURCE 1
| #define _GNU_SOURCE 1
| #define _POSIX_PTHREAD_SEMANTICS 1
| #define _TANDEM_SOURCE 1
| #define PACKEDATTR __attribute__((gcc_struct, packed))
| #define HAVE_DECL_SYS_SIGLIST 1
| #define HAVE_SYS_WAIT_H 1
| #define HAVE_UNISTD_H 1
| #define HAVE_ASM_BYTEORDER_H 1
| #define HAVE_SCHED_H 1
| #define stricmp strcasecmp
| /* end confdefs.h.  */
| /* Define strnicmp to an innocuous variant, in case <limits.h> declares strnicmp.
|    For example, HP-UX 11i <limits.h> declares gettimeofday.  */
| #define strnicmp innocuous_strnicmp
| 
| /* System header to define __stub macros and hopefully few prototypes,
|     which can conflict with char strnicmp (); below.
|     Prefer <limits.h> to <assert.h> if __STDC__ is defined, since
|     <limits.h> exists even on freestanding compilers.  */
| 
| #ifdef __STDC__
| # include <limits.h>
| #else
| # include <assert.h>
| #endif
| 
| #undef strnicmp
| 
| /* Override any GCC internal prototype to avoid an error.
|    Use char because int might match the return type of a GCC
|    builtin and then its argument prototype would still apply.  */
| #ifdef __cplusplus
| extern "C"
| #endif
| char strnicmp ();
| /* The GNU C library defines this for functions which it implements
|     to always fail with ENOSYS.  Some functions are actually named
|     something starting with __ and the normal name is an alias.  */
| #if defined __stub_strnicmp || defined __stub___strnicmp
| choke me
| #endif
| 
| int
| main ()
| {
| return strnicmp ();
|   ;
|   return 0;
| }
configure:5494: result: no
configure:5503: checking for min
configure:5503: gcc -o conftest -g -O2 -Wall -Wextra -Wno-missing-field-initializers -Wwrite-strings -Wundef -Wbad-function-cast -Wcast-align -Wcast-qual -Wdeclaration-after-statement -Wpointer-arith -ffast-math -Wno-unused -Wno-switch -Wno-sign-compare -Wno-pointer-sign -march=native -O2 -fomit-frame-pointer -I$(top_srcdir)/src   conftest.c  >&5
/usr/bin/ld: /tmp/cchs7NX5.o: in function `main':
/home/alf/Documents/TAS/xdre-master/src/prboom-plus/conftest.c:69: undefined reference to `min'
collect2: error: ld returned 1 exit status
configure:5503: $? = 1
configure: failed program was:
| /* confdefs.h */
| #define PACKAGE_NAME "PrBoom-Plus"
| #define PACKAGE_TARNAME "prboom-plus"
| #define PACKAGE_VERSION "2.5.1.4"
| #define PACKAGE_STRING "PrBoom-Plus 2.5.1.4"
| #define PACKAGE_BUGREPORT ""
| #define PACKAGE_URL ""
| #define PACKAGE "prboom-plus"
| #define VERSION "2.5.1.4"
| #define DOOMWADDIR "/usr/local/share/games/doom"
| #define STDC_HEADERS 1
| #define HAVE_SYS_TYPES_H 1
| #define HAVE_SYS_STAT_H 1
| #define HAVE_STDLIB_H 1
| #define HAVE_STRING_H 1
| #define HAVE_MEMORY_H 1
| #define HAVE_STRINGS_H 1
| #define HAVE_INTTYPES_H 1
| #define HAVE_STDINT_H 1
| #define HAVE_UNISTD_H 1
| #define __EXTENSIONS__ 1
| #define _ALL_SOURCE 1
| #define _GNU_SOURCE 1
| #define _POSIX_PTHREAD_SEMANTICS 1
| #define _TANDEM_SOURCE 1
| #define PACKEDATTR __attribute__((gcc_struct, packed))
| #define HAVE_DECL_SYS_SIGLIST 1
| #define HAVE_SYS_WAIT_H 1
| #define HAVE_UNISTD_H 1
| #define HAVE_ASM_BYTEORDER_H 1
| #define HAVE_SCHED_H 1
| #define stricmp strcasecmp
| #define strnicmp strncasecmp
| /* end confdefs.h.  */
| /* Define min to an innocuous variant, in case <limits.h> declares min.
|    For example, HP-UX 11i <limits.h> declares gettimeofday.  */
| #define min innocuous_min
| 
| /* System header to define __stub macros and hopefully few prototypes,
|     which can conflict with char min (); below.
|     Prefer <limits.h> to <assert.h> if __STDC__ is defined, since
|     <limits.h> exists even on freestanding compilers.  */
| 
| #ifdef __STDC__
| # include <limits.h>
| #else
| # include <assert.h>
| #endif
| 
| #undef min
| 
| /* Override any GCC internal prototype to avoid an error.
|    Use char because int might match the return type of a GCC
|    builtin and then its argument prototype would still apply.  */
| #ifdef __cplusplus
| extern "C"
| #endif
| char min ();
| /* The GNU C library defines this for functions which it implements
|     to always fail with ENOSYS.  Some functions are actually named
|     something starting with __ and the normal name is an alias.  */
| #if defined __stub_min || defined __stub___min
| choke me
| #endif
| 
| int
| main ()
| {
| return min ();
|   ;
|   return 0;
| }
configure:5503: result: no
configure:5510: checking for max
configure:5510: gcc -o conftest -g -O2 -Wall -Wextra -Wno-missing-field-initializers -Wwrite-strings -Wundef -Wbad-function-cast -Wcast-align -Wcast-qual -Wdeclaration-after-statement -Wpointer-arith -ffast-math -Wno-unused -Wno-switch -Wno-sign-compare -Wno-pointer-sign -march=native -O2 -fomit-frame-pointer -I$(top_srcdir)/src   conftest.c  >&5
/usr/bin/ld: /tmp/ccLhMHx6.o: in function `main':
/home/alf/Documents/TAS/xdre-master/src/prboom-plus/conftest.c:69: undefined reference to `max'
collect2: error: ld returned 1 exit status
configure:5510: $? = 1
configure: failed program was:
| /* confdefs.h */
| #define PACKAGE_NAME "PrBoom-Plus"
| #define PACKAGE_TARNAME "prboom-plus"
| #define PACKAGE_VERSION "2.5.1.4"
| #define PACKAGE_STRING "PrBoom-Plus 2.5.1.4"
| #define PACKAGE_BUGREPORT ""
| #define PACKAGE_URL ""
| #define PACKAGE "prboom-plus"
| #define VERSION "2.5.1.4"
| #define DOOMWADDIR "/usr/local/share/games/doom"
| #define STDC_HEADERS 1
| #define HAVE_SYS_TYPES_H 1
| #define HAVE_SYS_STAT_H 1
| #define HAVE_STDLIB_H 1
| #define HAVE_STRING_H 1
| #define HAVE_MEMORY_H 1
| #define HAVE_STRINGS_H 1
| #define HAVE_INTTYPES_H 1
| #define HAVE_STDINT_H 1
| #define HAVE_UNISTD_H 1
| #define __EXTENSIONS__ 1
| #define _ALL_SOURCE 1
| #define _GNU_SOURCE 1
| #define _POSIX_PTHREAD_SEMANTICS 1
| #define _TANDEM_SOURCE 1
| #define PACKEDATTR __attribute__((gcc_struct, packed))
| #define HAVE_DECL_SYS_SIGLIST 1
| #define HAVE_SYS_WAIT_H 1
| #define HAVE_UNISTD_H 1
| #define HAVE_ASM_BYTEORDER_H 1
| #define HAVE_SCHED_H 1
| #define stricmp strcasecmp
| #define strnicmp strncasecmp
| /* end confdefs.h.  */
| /* Define max to an innocuous variant, in case <limits.h> declares max.
|    For example, HP-UX 11i <limits.h> declares gettimeofday.  */
| #define max innocuous_max
| 
| /* System header to define __stub macros and hopefully few prototypes,
|     which can conflict with char max (); below.
|     Prefer <limits.h> to <assert.h> if __STDC__ is defined, since
|     <limits.h> exists even on freestanding compilers.  */
| 
| #ifdef __STDC__
| # include <limits.h>
| #else
| # include <assert.h>
| #endif
| 
| #undef max
| 
| /* Override any GCC internal prototype to avoid an error.
|    Use char because int might match the return type of a GCC
|    builtin and then its argument prototype would still apply.  */
| #ifdef __cplusplus
| extern "C"
| #endif
| char max ();
| /* The GNU C library defines this for functions which it implements
|     to always fail with ENOSYS.  Some functions are actually named
|     something starting with __ and the normal name is an alias.  */
| #if defined __stub_max || defined __stub___max
| choke me
| #endif
| 
| int
| main ()
| {
| return max ();
|   ;
|   return 0;
| }
configure:5510: result: no
configure:5520: checking for getopt
configure:5520: gcc -o conftest -g -O2 -Wall -Wextra -Wno-missing-field-initializers -Wwrite-strings -Wundef -Wbad-function-cast -Wcast-align -Wcast-qual -Wdeclaration-after-statement -Wpointer-arith -ffast-math -Wno-unused -Wno-switch -Wno-sign-compare -Wno-pointer-sign -march=native -O2 -fomit-frame-pointer -I$(top_srcdir)/src   conftest.c  >&5
configure:5520: $? = 0
configure:5520: result: yes
configure:5520: checking for inet_aton
configure:5520: gcc -o conftest -g -O2 -Wall -Wextra -Wno-missing-field-initializers -Wwrite-strings -Wundef -Wbad-function-cast -Wcast-align -Wcast-qual -Wdeclaration-after-statement -Wpointer-arith -ffast-math -Wno-unused -Wno-switch -Wno-sign-compare -Wno-pointer-sign -march=native -O2 -fomit-frame-pointer -I$(top_srcdir)/src   conftest.c  >&5
configure:5520: $? = 0
configure:5520: result: yes
configure:5520: checking for inet_pton
configure:5520: gcc -o conftest -g -O2 -Wall -Wextra -Wno-missing-field-initializers -Wwrite-strings -Wundef -Wbad-function-cast -Wcast-align -Wcast-qual -Wdeclaration-after-statement -Wpointer-arith -ffast-math -Wno-unused -Wno-switch -Wno-sign-compare -Wno-pointer-sign -march=native -O2 -fomit-frame-pointer -I$(top_srcdir)/src   conftest.c  >&5
configure:5520: $? = 0
configure:5520: result: yes
configure:5520: checking for inet_ntop
configure:5520: gcc -o conftest -g -O2 -Wall -Wextra -Wno-missing-field-initializers -Wwrite-strings -Wundef -Wbad-function-cast -Wcast-align -Wcast-qual -Wdeclaration-after-statement -Wpointer-arith -ffast-math -Wno-unused -Wno-switch -Wno-sign-compare -Wno-pointer-sign -march=native -O2 -fomit-frame-pointer -I$(top_srcdir)/src   conftest.c  >&5
configure:5520: $? = 0
configure:5520: result: yes
configure:5520: checking for mmap
configure:5520: gcc -o conftest -g -O2 -Wall -Wextra -Wno-missing-field-initializers -Wwrite-strings -Wundef -Wbad-function-cast -Wcast-align -Wcast-qual -Wdeclaration-after-statement -Wpointer-arith -ffast-math -Wno-unused -Wno-switch -Wno-sign-compare -Wno-pointer-sign -march=native -O2 -fomit-frame-pointer -I$(top_srcdir)/src   conftest.c  >&5
configure:5520: $? = 0
configure:5520: result: yes
configure:5520: checking for usleep
configure:5520: gcc -o conftest -g -O2 -Wall -Wextra -Wno-missing-field-initializers -Wwrite-strings -Wundef -Wbad-function-cast -Wcast-align -Wcast-qual -Wdeclaration-after-statement -Wpointer-arith -ffast-math -Wno-unused -Wno-switch -Wno-sign-compare -Wno-pointer-sign -march=native -O2 -fomit-frame-pointer -I$(top_srcdir)/src   conftest.c  >&5
configure:5520: $? = 0
configure:5520: result: yes
configure:5520: checking for sched_setaffinity
configure:5520: gcc -o conftest -g -O2 -Wall -Wextra -Wno-missing-field-initializers -Wwrite-strings -Wundef -Wbad-function-cast -Wcast-align -Wcast-qual -Wdeclaration-after-statement -Wpointer-arith -ffast-math -Wno-unused -Wno-switch -Wno-sign-compare -Wno-pointer-sign -march=native -O2 -fomit-frame-pointer -I$(top_srcdir)/src   conftest.c  >&5
configure:5520: $? = 0
configure:5520: result: yes
configure:5530: checking for pow in -lm
configure:5555: gcc -o conftest -g -O2 -Wall -Wextra -Wno-missing-field-initializers -Wwrite-strings -Wundef -Wbad-function-cast -Wcast-align -Wcast-qual -Wdeclaration-after-statement -Wpointer-arith -ffast-math -Wno-unused -Wno-switch -Wno-sign-compare -Wno-pointer-sign -march=native -O2 -fomit-frame-pointer -I$(top_srcdir)/src   conftest.c -lm   >&5
conftest.c:49:6: warning: conflicting types for built-in function 'pow'; expected 'double(double,  double)' [-Wbuiltin-declaration-mismatch]
   49 | char pow ();
      |      ^~~
conftest.c:1:1: note: 'pow' is declared in header '<math.h>'
    1 | /* confdefs.h */
configure:5555: $? = 0
configure:5564: result: yes
configure:5697: checking for sdl-config
configure:5728: result: /usr/bin/sdl-config
configure:5738: checking for SDL - version >= 1.1.3
configure:5825: gcc -o conftest -g -O2 -Wall -Wextra -Wno-missing-field-initializers -Wwrite-strings -Wundef -Wbad-function-cast -Wcast-align -Wcast-qual -Wdeclaration-after-statement -Wpointer-arith -ffast-math -Wno-unused -Wno-switch -Wno-sign-compare -Wno-pointer-sign -march=native -O2 -fomit-frame-pointer -I$(top_srcdir)/src -I/usr/include/SDL -D_GNU_SOURCE=1 -D_REENTRANT   conftest.c -lm  -L/usr/lib/x86_64-linux-gnu -lSDL >&5
conftest.c: In function 'main':
conftest.c:76:27: warning: passing argument 1 of 'my_strdup' discards 'const' qualifier from pointer target type [-Wdiscarded-qualifiers]
   76 |   tmp_version = my_strdup("1.1.3");
      |                           ^~~~~~~
conftest.c:50:18: note: expected 'char *' but argument is of type 'const char *'
   50 | my_strdup (char *str)
      |            ~~~~~~^~~
configure:5825: $? = 0
configure:5825: ./conftest
configure:5825: $? = 0
configure:5840: result: yes
configure:5920: checking for SDL_JoystickGetAxis
configure:5920: gcc -o conftest -g -O2 -Wall -Wextra -Wno-missing-field-initializers -Wwrite-strings -Wundef -Wbad-function-cast -Wcast-align -Wcast-qual -Wdeclaration-after-statement -Wpointer-arith -ffast-math -Wno-unused -Wno-switch -Wno-sign-compare -Wno-pointer-sign -march=native -O2 -fomit-frame-pointer -I$(top_srcdir)/src   conftest.c -lm  -L/usr/lib/x86_64-linux-gnu -lSDL >&5
configure:5920: $? = 0
configure:5920: result: yes
configure:6806: checking that generated files are newer than configure
configure:6812: result: done
configure:6864: creating ./config.status

## ---------------------- ##
## Running config.status. ##
## ---------------------- ##

This file was extended by PrBoom-Plus config.status 2.5.1.4, which was
generated by GNU Autoconf 2.69.  Invocation command line was

  CONFIG_FILES    = 
  CONFIG_HEADERS  = 
  CONFIG_LINKS    = 
  CONFIG_COMMANDS = 
  $ ./config.status 

on alf-VirtualBox

config.status:931: creating Makefile
config.status:931: creating src/Makefile
config.status:931: creating src/POSIX/Makefile
config.status:931: creating src/SDL/Makefile
config.status:931: creating src/MAC/Makefile
config.status:931: creating src/PCSOUND/Makefile
config.status:931: creating src/TEXTSCREEN/Makefile
config.status:931: creating src/MUSIC/Makefile
config.status:931: creating doc/Makefile
config.status:931: creating data/Makefile
config.status:931: creating ICONS/Makefile
config.status:931: creating VisualC6/Makefile
config.status:931: creating VisualC8/Makefile
config.status:931: creating prboom.spec
config.status:931: creating config.h
config.status:1160: executing depfiles commands
config.status:1237: cd src       && sed -e '/# am--include-marker/d' Makefile         | make -f - am--depfiles
config.status:1242: $? = 0
config.status:1237: cd src/POSIX       && sed -e '/# am--include-marker/d' Makefile         | make -f - am--depfiles
config.status:1242: $? = 0
config.status:1237: cd src/SDL       && sed -e '/# am--include-marker/d' Makefile         | make -f - am--depfiles
config.status:1242: $? = 0
config.status:1237: cd src/PCSOUND       && sed -e '/# am--include-marker/d' Makefile         | make -f - am--depfiles
config.status:1242: $? = 0
config.status:1237: cd src/TEXTSCREEN       && sed -e '/# am--include-marker/d' Makefile         | make -f - am--depfiles
config.status:1242: $? = 0
config.status:1237: cd src/MUSIC       && sed -e '/# am--include-marker/d' Makefile         | make -f - am--depfiles
config.status:1242: $? = 0
config.status:1237: cd data       && sed -e '/# am--include-marker/d' Makefile         | make -f - am--depfiles
config.status:1242: $? = 0

## ---------------- ##
## Cache variables. ##
## ---------------- ##

ac_cv_build=x86_64-pc-linux-gnu
ac_cv_c_bigendian=no
ac_cv_c_compiler_gnu=yes
ac_cv_c_const=yes
ac_cv_c_inline=inline
ac_cv_env_CC_set=
ac_cv_env_CC_value=
ac_cv_env_CFLAGS_set=
ac_cv_env_CFLAGS_value=
ac_cv_env_CPPFLAGS_set=
ac_cv_env_CPPFLAGS_value=
ac_cv_env_CPP_set=
ac_cv_env_CPP_value=
ac_cv_env_LDFLAGS_set=
ac_cv_env_LDFLAGS_value=
ac_cv_env_LIBS_set=
ac_cv_env_LIBS_value=
ac_cv_env_build_alias_set=
ac_cv_env_build_alias_value=
ac_cv_env_host_alias_set=
ac_cv_env_host_alias_value=
ac_cv_env_target_alias_set=
ac_cv_env_target_alias_value=
ac_cv_func_SDL_JoystickGetAxis=yes
ac_cv_func_getopt=yes
ac_cv_func_inet_aton=yes
ac_cv_func_inet_ntop=yes
ac_cv_func_inet_pton=yes
ac_cv_func_max=no
ac_cv_func_min=no
ac_cv_func_mmap=yes
ac_cv_func_sched_setaffinity=yes
ac_cv_func_stricmp=no
ac_cv_func_strnicmp=no
ac_cv_func_usleep=yes
ac_cv_have_decl_sys_siglist=yes
ac_cv_header_asm_byteorder_h=yes
ac_cv_header_inttypes_h=yes
ac_cv_header_memory_h=yes
ac_cv_header_minix_config_h=no
ac_cv_header_sched_h=yes
ac_cv_header_stdc=yes
ac_cv_header_stdint_h=yes
ac_cv_header_stdlib_h=yes
ac_cv_header_string_h=yes
ac_cv_header_strings_h=yes
ac_cv_header_sys_stat_h=yes
ac_cv_header_sys_types_h=yes
ac_cv_header_sys_wait_h=yes
ac_cv_header_unistd_h=yes
ac_cv_host=x86_64-pc-linux-gnu
ac_cv_lib_m_pow=yes
ac_cv_objext=o
ac_cv_path_EGREP='/usr/bin/grep -E'
ac_cv_path_GREP=/usr/bin/grep
ac_cv_path_SDL_CONFIG=/usr/bin/sdl-config
ac_cv_path_install='/usr/bin/install -c'
ac_cv_path_mkdir=/usr/bin/mkdir
ac_cv_prog_AWK=mawk
ac_cv_prog_CPP='gcc -E'
ac_cv_prog_ac_ct_CC=gcc
ac_cv_prog_ac_ct_RANLIB=ranlib
ac_cv_prog_cc_c89=
ac_cv_prog_cc_g=yes
ac_cv_prog_make_make_set=yes
ac_cv_safe_to_define___extensions__=yes
ac_cv_target=x86_64-pc-linux-gnu
ac_cv_type_size_t=yes
ac_cv_type_uid_t=yes
am_cv_CC_dependencies_compiler_type=gcc3
am_cv_make_support_nested_variables=yes
am_cv_prog_cc_c_o=yes

## ----------------- ##
## Output variables. ##
## ----------------- ##

ACLOCAL='${SHELL} /home/alf/Documents/TAS/xdre-master/src/prboom-plus/autotools/missing aclocal-1.16'
AMDEPBACKSLASH='\'
AMDEP_FALSE='#'
AMDEP_TRUE=''
AMTAR='$${TAR-tar}'
AM_BACKSLASH='\'
AM_DEFAULT_V='$(AM_DEFAULT_VERBOSITY)'
AM_DEFAULT_VERBOSITY='0'
AM_V='$(V)'
AUTOCONF='${SHELL} /home/alf/Documents/TAS/xdre-master/src/prboom-plus/autotools/missing autoconf'
AUTOHEADER='${SHELL} /home/alf/Documents/TAS/xdre-master/src/prboom-plus/autotools/missing autoheader'
AUTOMAKE='${SHELL} /home/alf/Documents/TAS/xdre-master/src/prboom-plus/autotools/missing automake-1.16'
AWK='mawk'
BUILD_GL_FALSE=''
BUILD_GL_TRUE='#'
BUILD_SERVER_FALSE=''
BUILD_SERVER_TRUE='#'
CC='gcc'
CCDEPMODE='depmode=gcc3'
CFLAGS='-g -O2 -Wall -Wextra -Wno-missing-field-initializers -Wwrite-strings -Wundef -Wbad-function-cast -Wcast-align -Wcast-qual -Wdeclaration-after-statement -Wpointer-arith -ffast-math -Wno-unused -Wno-switch -Wno-sign-compare -Wno-pointer-sign -march=native -O2 -fomit-frame-pointer -I$(top_srcdir)/src'
CPP='gcc -E'
CPPFLAGS=''
CROSS_COMPILING_FALSE=''
CROSS_COMPILING_TRUE='#'
CYGPATH_W='echo'
DEFS='-DHAVE_CONFIG_H'
DEPDIR='.deps'
DOGS_FALSE='#'
DOGS_TRUE=''
DOOMWADDIR='/usr/local/share/games/doom'
ECHO_C=''
ECHO_N='-n'
ECHO_T=''
EGREP='/usr/bin/grep -E'
EXEEXT=''
GL_LIBS=''
GREP='/usr/bin/grep'
INSTALL_DATA='${INSTALL} -m 644'
INSTALL_PROGRAM='${INSTALL}'
INSTALL_SCRIPT='${INSTALL}'
INSTALL_STRIP_PROGRAM='$(install_sh) -c -s'
LDFLAGS=''
LIBOBJS=''
LIBS='-lm '
LN_S='ln -s'
LTLIBOBJS=''
MAINT=''
MAINTAINER_MODE_FALSE='#'
MAINTAINER_MODE_TRUE=''
MAKEINFO='${SHELL} /home/alf/Documents/TAS/xdre-master/src/prboom-plus/autotools/missing makeinfo'
MATH_LIB=''
MIXER_CFLAGS=''
MIXER_LIBS=''
MKDIR_P='/usr/bin/mkdir -p'
NET_CFLAGS=''
NET_LIBS=''
NONFREE_GRAPHICS_FALSE='#'
NONFREE_GRAPHICS_TRUE=''
OBJEXT='o'
PACKAGE='prboom-plus'
PACKAGE_BUGREPORT=''
PACKAGE_NAME='PrBoom-Plus'
PACKAGE_STRING='PrBoom-Plus 2.5.1.4'
PACKAGE_TARNAME='prboom-plus'
PACKAGE_URL=''
PACKAGE_VERSION='2.5.1.4'
PATH_SEPARATOR=':'
RANLIB='ranlib'
SDL_CFLAGS='-I/usr/include/SDL -D_GNU_SOURCE=1 -D_REENTRANT'
SDL_CONFIG='/usr/bin/sdl-config'
SDL_LIBS='-L/usr/lib/x86_64-linux-gnu -lSDL'
SET_MAKE=''
SHELL='/bin/bash'
STRIP=''
VERSION='2.5.1.4'
WAD_MMAP_FALSE='#'
WAD_MMAP_TRUE=''
ac_ct_CC='gcc'
am__EXEEXT_FALSE=''
am__EXEEXT_TRUE='#'
am__fastdepCC_FALSE='#'
am__fastdepCC_TRUE=''
am__include='include'
am__isrc=''
am__leading_dot='.'
am__nodep='_no'
am__quote=''
am__tar='$${TAR-tar} chof - "$$tardir"'
am__untar='$${TAR-tar} xf -'
bindir='${exec_prefix}/bin'
build='x86_64-pc-linux-gnu'
build_alias=''
build_cpu='x86_64'
build_os='linux-gnu'
build_vendor='pc'
datadir='${datarootdir}'
datarootdir='${prefix}/share'
docdir='${datarootdir}/doc/${PACKAGE_TARNAME}'
dvidir='${docdir}'
exec_prefix='${prefix}'
host='x86_64-pc-linux-gnu'
host_alias=''
host_cpu='x86_64'
host_os='linux-gnu'
host_vendor='pc'
htmldir='${docdir}'
includedir='${prefix}/include'
infodir='${datarootdir}/info'
install_sh='${SHELL} /home/alf/Documents/TAS/xdre-master/src/prboom-plus/autotools/install-sh'
libdir='${exec_prefix}/lib'
libexecdir='${exec_prefix}/libexec'
localedir='${datarootdir}/locale'
localstatedir='${prefix}/var'
mandir='${datarootdir}/man'
mkdir_p='$(MKDIR_P)'
oldincludedir='/usr/include'
pdfdir='${docdir}'
prefix='/usr/local'
program_transform_name='s,x,x,'
psdir='${docdir}'
runstatedir='${localstatedir}/run'
sbindir='${exec_prefix}/sbin'
sharedstatedir='${prefix}/com'
sysconfdir='${prefix}/etc'
target='x86_64-pc-linux-gnu'
target_alias=''
target_cpu='x86_64'
target_os='linux-gnu'
target_vendor='pc'

## ----------- ##
## confdefs.h. ##
## ----------- ##

/* confdefs.h */
#define PACKAGE_NAME "PrBoom-Plus"
#define PACKAGE_TARNAME "prboom-plus"
#define PACKAGE_VERSION "2.5.1.4"
#define PACKAGE_STRING "PrBoom-Plus 2.5.1.4"
#define PACKAGE_BUGREPORT ""
#define PACKAGE_URL ""
#define PACKAGE "prboom-plus"
#define VERSION "2.5.1.4"
#define DOOMWADDIR "/usr/local/share/games/doom"
#define STDC_HEADERS 1
#define HAVE_SYS_TYPES_H 1
#define HAVE_SYS_STAT_H 1
#define HAVE_STDLIB_H 1
#define HAVE_STRING_H 1
#define HAVE_MEMORY_H 1
#define HAVE_STRINGS_H 1
#define HAVE_INTTYPES_H 1
#define HAVE_STDINT_H 1
#define HAVE_UNISTD_H 1
#define __EXTENSIONS__ 1
#define _ALL_SOURCE 1
#define _GNU_SOURCE 1
#define _POSIX_PTHREAD_SEMANTICS 1
#define _TANDEM_SOURCE 1
#define PACKEDATTR __attribute__((gcc_struct, packed))
#define HAVE_DECL_SYS_SIGLIST 1
#define HAVE_SYS_WAIT_H 1
#define HAVE_UNISTD_H 1
#define HAVE_ASM_BYTEORDER_H 1
#define HAVE_SCHED_H 1
#define stricmp strcasecmp
#define strnicmp strncasecmp
#define HAVE_GETOPT 1
#define HAVE_INET_ATON 1
#define HAVE_INET_PTON 1
#define HAVE_INET_NTOP 1
#define HAVE_MMAP 1
#define HAVE_USLEEP 1
#define HAVE_SCHED_SETAFFINITY 1
#define HAVE_LIBM 1
#define HAVE_SDL_JOYSTICKGETAXIS 1
#define HAVE_IPv6 1
#define HIGHRES 1
#define SIMPLECHECKS 1
#define ZONEIDCHECK 1
#define DOGS 1

configure: exit 0

## ---------------------- ##
## Running config.status. ##
## ---------------------- ##

This file was extended by PrBoom-Plus config.status 2.5.1.4, which was
generated by GNU Autoconf 2.69.  Invocation command line was

  CONFIG_FILES    = 
  CONFIG_HEADERS  = 
  CONFIG_LINKS    = 
  CONFIG_COMMANDS = 
  $ ./config.status config.h

on alf-VirtualBox

config.status:931: creating config.h
config.status:1112: config.h is unchanged
